[2025-12-23T21:11:37.285Z] GET /api/v1/lastreet/professionals 200 2914ms
[2025-12-23T21:11:38.331Z] GET /api/v1/lastreet/professionals/recommendations?limit=6 200 3868ms
[2025-12-23T21:12:18.112Z] PATCH /api/v1/lastreet/auth/profile 200 3247ms
[2025-12-23T21:12:19.455Z] GET /api/v1/lastreet/professionals/me 200 19853ms
[2025-12-23T21:12:43.497Z] POST /api/contact 200 5ms
[2025-12-23T21:13:05.322Z] GET /api/v1/lastreet/professionals 200 454ms
[2025-12-23T21:13:13.186Z] GET /api/v1/lastreet/professionals/me 200 869ms
[2025-12-23T21:13:15.139Z] GET /api/v1/lastreet/professionals 200 455ms
[2025-12-23T21:13:15.160Z] GET /api/v1/lastreet/professionals/recommendations?limit=6 200 488ms
[2025-12-23T21:13:20.245Z] GET /api/v1/lastreet/professionals/694a91aa4b17f9cf939913df 200 361ms
[2025-12-23T21:13:26.369Z] GET /api/v1/lastreet/professionals 200 592ms
[2025-12-23T21:13:26.392Z] GET /api/v1/lastreet/professionals/recommendations?limit=6 200 624ms
[2025-12-23T21:13:30.898Z] GET /api/v1/lastreet/professionals/694aba74e119ceca79a48b80 200 455ms
[2025-12-23T21:13:37.655Z] GET /api/v1/lastreet/professionals 200 464ms
[2025-12-23T21:13:37.670Z] GET /api/v1/lastreet/professionals/recommendations?limit=6 200 487ms
[2025-12-23T21:13:57.929Z] POST /api/v1/lastreet/auth/login 200 1753ms
[2025-12-23T21:13:58.781Z] GET /api/v1/lastreet/admin/stats 200 752ms
[2025-12-23T21:13:58.838Z] GET /api/v1/lastreet/admin/audits 200 792ms
[2025-12-23T21:13:58.954Z] GET /api/v1/lastreet/admin/professionals?approvalStatus=pending 200 899ms
[2025-12-23T21:13:59.972Z] GET /api/v1/lastreet/admin/reports?status=open&limit=50 200 1955ms
[2025-12-23T21:13:59.981Z] GET /api/v1/lastreet/admin/users 200 1910ms
[2025-12-23T21:14:02.841Z] Email envoyé à : admin@admin.com
[2025-12-23T21:14:27.425Z] GET /api/v1/lastreet/admin/professionals?approvalStatus=pending 200 536ms
[2025-12-23T21:14:27.559Z] GET /api/v1/lastreet/admin/users 200 661ms
[2025-12-23T21:14:27.566Z] GET /api/v1/lastreet/admin/reports?status=open&limit=50 200 646ms
[2025-12-23T21:14:27.575Z] GET /api/v1/lastreet/admin/audits 200 667ms
[2025-12-23T21:14:35.573Z] GET /api/v1/lastreet/admin/stats 200 8696ms
[2025-12-23T21:14:59.465Z] GET /api/v1/lastreet/admin/audits 200 622ms
[2025-12-23T21:14:59.474Z] GET /api/v1/lastreet/admin/reports?status=open&limit=50 200 611ms
[2025-12-23T21:14:59.486Z] GET /api/v1/lastreet/admin/users 200 653ms
[2025-12-23T21:15:01.159Z] GET /api/v1/lastreet/professionals/recommendations?limit=6 200 872ms
[2025-12-23T21:15:01.182Z] GET /api/v1/lastreet/professionals 200 889ms
[2025-12-23T21:15:01.198Z] GET /api/v1/lastreet/admin/stats 200 2402ms
[2025-12-23T21:15:02.444Z] GET /api/v1/lastreet/admin/professionals?approvalStatus=pending 200 3626ms
[2025-12-23T21:15:09.307Z] POST /api/v1/lastreet/auth/login 200 1368ms
[2025-12-23T21:15:09.895Z] GET /api/v1/lastreet/professionals/recommendations?limit=6 200 550ms
[2025-12-23T21:15:09.911Z] GET /api/v1/lastreet/professionals 200 557ms
[2025-12-23T21:15:16.565Z] Email envoyé à : servergold2012@gmail.com
[2025-12-23T21:17:19.739Z] GET /api/v1/lastreet/professionals/694a91ab4b17f9cf939913ea 200 2092ms
[2025-12-23T21:17:29.702Z] POST /api/v1/lastreet/reports 200 298ms
[2025-12-23T21:19:08.634Z] GET /api/v1/lastreet/professionals 200 2355ms
[2025-12-23T21:19:45.371Z] GET /api/v1/lastreet/professionals/me 200 783ms
[2025-12-23T21:20:22.539Z] PATCH /api/v1/lastreet/professionals/me 200 621ms
[2025-12-23T21:20:27.227Z] GET /api/v1/lastreet/professionals/694aba74e119ceca79a48b80 200 396ms
[2025-12-23T21:20:37.565Z] POST /api/v1/lastreet/reports 200 391ms
[2025-12-23T21:20:45.585Z] GET /api/v1/lastreet/professionals/me 200 1606ms
[2025-12-23T21:20:55.262Z] GET /api/v1/lastreet/professionals 200 328ms
[2025-12-23T21:20:55.276Z] GET /api/v1/lastreet/professionals/recommendations?limit=6 200 330ms
[2025-12-23T21:21:00.429Z] GET /api/v1/lastreet/professionals?q=c 200 379ms
[2025-12-23T21:21:08.687Z] GET /api/v1/lastreet/professionals?quartier=%27&q=c 200 1042ms
[2025-12-23T21:21:12.318Z] GET /api/v1/lastreet/professionals?ville=d&q=c 200 196ms
[2025-12-23T21:21:19.968Z] POST /api/contact 200 10ms
[2025-12-23T21:22:30.245Z] GET /api/v1/lastreet/professionals/recommendations?limit=6 200 483ms
[2025-12-23T21:22:30.266Z] GET /api/v1/lastreet/professionals 200 495ms
[2025-12-23T21:22:32.609Z] GET /api/v1/lastreet/categories 200 433ms
[2025-12-23T21:26:44.887Z] GET /api/v1/lastreet/categories 200 318ms
[2025-12-23T21:26:59.565Z] GET /api/v1/lastreet/professionals 200 1534ms
[2025-12-23T21:26:59.655Z] GET /api/v1/lastreet/professionals/recommendations?limit=6 200 1601ms
[2025-12-23T21:28:19.755Z] GET /api/v1/lastreet/professionals/694aba74e119ceca79a48b80 200 333ms
[2025-12-23T21:28:28.372Z] GET /api/v1/lastreet/professionals 200 543ms
[2025-12-23T21:40:24.318Z] GET /api/v1/lastreet/professionals/recommendations?limit=6 200 2547ms
[2025-12-23T21:40:24.439Z] GET /api/v1/lastreet/professionals 200 2553ms
[2025-12-23T21:40:32.605Z] GET /api/v1/lastreet/categories 200 555ms
[2025-12-23T21:50:57.976Z] POST /api/v1/lastreet/auth/register 200 2922ms
[2025-12-23T21:50:59.522Z] POST /api/v1/lastreet/auth/login 200 1518ms
[2025-12-23T21:51:08.532Z] Email envoyé à : mayalachristgottlieb@gmail.com
[2025-12-23T21:51:14.454Z] GET /api/v1/lastreet/professionals/me 200 3181ms
[2025-12-23T21:51:14.959Z] POST /api/v1/lastreet/professionals 200 15363ms
[2025-12-23T21:51:30.531Z] GET /api/v1/lastreet/professionals/me 200 7632ms
[2025-12-23T21:51:33.822Z] GET /api/v1/lastreet/professionals 200 3904ms
[2025-12-23T21:51:33.838Z] GET /api/v1/lastreet/professionals/recommendations?limit=6 200 3902ms
[2025-12-23T21:53:26.338Z] GET /api/v1/lastreet/professionals/me 200 41296ms
[2025-12-23T21:53:26.366Z] GET /api/v1/lastreet/professionals 200 31002ms
[2025-12-23T21:54:29.765Z] GET /api/v1/lastreet/professionals 200 35189ms
[2025-12-23T21:57:47.119Z] GET /api/v1/lastreet/professionals 200 1437ms
[2025-12-23T21:57:47.496Z] GET /api/v1/lastreet/professionals/recommendations?limit=6 200 1805ms
[2025-12-23T21:57:55.135Z] GET /api/v1/lastreet/professionals/694a91aa4b17f9cf939913df 200 391ms
[2025-12-23T21:58:01.437Z] GET /api/v1/lastreet/professionals/me 200 539ms
[2025-12-23T21:58:07.208Z] GET /api/v1/lastreet/professionals/recommendations?limit=6 200 400ms
[2025-12-23T21:58:07.277Z] GET /api/v1/lastreet/professionals 200 456ms
[2025-12-23T21:58:08.383Z] GET /api/v1/lastreet/categories 200 337ms
[2025-12-23T21:58:28.798Z] POST /api/v1/lastreet/auth/login 200 1270ms
[2025-12-23T21:58:29.373Z] GET /api/v1/lastreet/admin/users 200 425ms
[2025-12-23T21:58:29.518Z] GET /api/v1/lastreet/admin/audits 200 582ms
[2025-12-23T21:58:29.529Z] GET /api/v1/lastreet/admin/stats 200 625ms
[2025-12-23T21:58:30.298Z] GET /api/v1/lastreet/admin/professionals?approvalStatus=pending 200 1376ms
[2025-12-23T21:58:30.307Z] GET /api/v1/lastreet/admin/reports?status=open&limit=50 200 1346ms
[2025-12-23T21:58:32.395Z] Email envoyé à : admin@admin.com
[2025-12-23T21:58:42.131Z] GET /api/v1/lastreet/admin/professionals?approvalStatus=pending 200 521ms
[2025-12-23T21:58:42.142Z] GET /api/v1/lastreet/admin/reports?status=open&limit=50 200 445ms
[2025-12-23T21:58:42.158Z] GET /api/v1/lastreet/admin/users 200 532ms
[2025-12-23T21:58:42.461Z] GET /api/v1/lastreet/admin/audits 200 787ms
[2025-12-23T21:58:43.015Z] GET /api/v1/lastreet/admin/stats 200 1421ms
[2025-12-23T21:59:47.268Z] DELETE /api/v1/lastreet/admin/users/694b0ec0bab6f223432e768c 200 486ms
[2025-12-23T21:59:47.771Z] GET /api/v1/lastreet/admin/reports?status=open&limit=50 200 427ms
[2025-12-23T21:59:47.787Z] GET /api/v1/lastreet/admin/users 200 454ms
[2025-12-23T21:59:47.794Z] GET /api/v1/lastreet/admin/professionals?approvalStatus=pending 200 472ms
[2025-12-23T21:59:47.908Z] GET /api/v1/lastreet/admin/audits 200 556ms
[2025-12-23T21:59:49.447Z] GET /api/v1/lastreet/admin/stats 200 2146ms
[2025-12-23T21:59:58.629Z] DELETE /api/v1/lastreet/admin/users/694abb44e119ceca79a48bca 200 554ms
[2025-12-23T21:59:59.258Z] GET /api/v1/lastreet/admin/professionals?approvalStatus=pending 200 560ms
[2025-12-23T21:59:59.267Z] GET /api/v1/lastreet/admin/stats 200 588ms
[2025-12-23T21:59:59.504Z] GET /api/v1/lastreet/admin/reports?status=open&limit=50 200 790ms
[2025-12-23T21:59:59.524Z] GET /api/v1/lastreet/admin/audits 200 785ms
[2025-12-23T22:00:00.564Z] GET /api/v1/lastreet/admin/users 200 1837ms
[2025-12-23T22:01:26.330Z] GET /api/v1/lastreet/categories 200 354ms
[2025-12-23T22:02:12.710Z] GET /api/v1/lastreet/admin/stats 200 447ms
[2025-12-23T22:02:12.717Z] GET /api/v1/lastreet/admin/professionals?approvalStatus=pending 200 434ms
[2025-12-23T22:02:12.763Z] GET /api/v1/lastreet/admin/users 200 459ms
[2025-12-23T22:02:12.774Z] GET /api/v1/lastreet/admin/reports?status=open&limit=50 200 420ms
[2025-12-23T22:02:12.806Z] GET /api/v1/lastreet/admin/audits 200 472ms
[2025-12-23T22:02:14.612Z] GET /api/v1/lastreet/professionals 200 357ms
[2025-12-23T22:02:14.624Z] GET /api/v1/lastreet/professionals/recommendations?limit=6 200 377ms
[2025-12-23T22:02:32.258Z] GET /api/v1/lastreet/professionals 200 415ms
[2025-12-23T22:02:40.882Z] GET /api/v1/lastreet/professionals 200 367ms
[2025-12-23T22:02:46.112Z] GET /api/v1/lastreet/professionals/recommendations?limit=6 200 312ms
[2025-12-23T22:02:46.219Z] GET /api/v1/lastreet/professionals 200 403ms
[2025-12-23T22:04:43.814Z] POST /api/v1/lastreet/auth/login 200 1253ms
[2025-12-23T22:04:44.167Z] GET /api/v1/lastreet/professionals/recommendations?limit=6 200 296ms
[2025-12-23T22:04:44.293Z] GET /api/v1/lastreet/professionals 200 415ms
[2025-12-23T22:04:47.413Z] Email envoyé à : servergold2012@gmail.com
[2025-12-23T22:05:24.357Z] GET /api/v1/lastreet/professionals/694a91aa4b17f9cf939913da 200 413ms
[2025-12-23T22:07:51.995Z] GET /api/v1/lastreet/professionals/me 200 854ms
[2025-12-23T22:08:11.785Z] PATCH /api/v1/lastreet/professionals/me 200 765ms
[2025-12-23T22:08:15.477Z] GET /api/v1/lastreet/professionals/recommendations?limit=6 200 575ms
[2025-12-23T22:08:15.487Z] GET /api/v1/lastreet/professionals 200 575ms
[2025-12-23T22:18:07.094Z] GET /api/v1/lastreet/professionals 200 513ms
[2025-12-23T22:18:07.125Z] GET /api/v1/lastreet/professionals/recommendations?limit=6 200 534ms
[2025-12-23T22:18:07.405Z] GET /api/v1/lastreet/professionals 200 307ms
[2025-12-23T22:18:07.599Z] GET /api/v1/lastreet/professionals/recommendations?limit=6 200 470ms
[2025-12-23T22:18:23.337Z] GET /api/v1/lastreet/professionals/694a91ab4b17f9cf939913ea 200 311ms
[2025-12-23T22:18:29.021Z] GET /api/v1/lastreet/professionals/694a91ab4b17f9cf939913ea 200 483ms
[2025-12-23T22:19:23.629Z] GET /api/v1/lastreet/professionals/recommendations?limit=6 200 417ms
[2025-12-23T22:19:23.636Z] GET /api/v1/lastreet/professionals 200 419ms
[2025-12-23T22:19:36.173Z] GET /api/v1/lastreet/professionals 200 275ms
[2025-12-23T22:21:00.222Z] GET /api/v1/lastreet/categories 200 328ms
[2025-12-23T22:21:08.450Z] GET /api/v1/lastreet/professionals/me 200 659ms
[2025-12-23T22:21:50.923Z] GET /api/v1/lastreet/professionals/recommendations?limit=6 200 21625ms
[2025-12-23T22:21:51.324Z] GET /api/v1/lastreet/professionals 200 2033ms
[2025-12-23T22:21:57.760Z] GET /api/v1/lastreet/professionals/recommendations?limit=6 200 310ms
[2025-12-23T22:22:01.406Z] GET /api/v1/lastreet/professionals 200 38211ms
[2025-12-23T22:22:02.043Z] GET /api/v1/lastreet/professionals 200 633ms
[2025-12-23T22:22:20.117Z] POST /api/v1/lastreet/auth/login 200 1234ms
[2025-12-23T22:22:31.382Z] POST /api/v1/lastreet/auth/login 200 899ms
[2025-12-23T22:22:32.014Z] GET /api/v1/lastreet/admin/reports?status=open&limit=50 200 561ms
[2025-12-23T22:22:32.024Z] GET /api/v1/lastreet/admin/professionals?approvalStatus=pending 200 586ms
[2025-12-23T22:22:32.182Z] GET /api/v1/lastreet/admin/users 200 736ms
[2025-12-23T22:22:32.926Z] GET /api/v1/lastreet/admin/stats 200 1492ms
[2025-12-23T22:22:35.337Z] Email envoyé à : admin@admin.com
[2025-12-23T22:22:57.888Z] POST /api/v1/lastreet/auth/login 200 772ms
[2025-12-23T22:22:58.296Z] GET /api/v1/lastreet/professionals 200 392ms
[2025-12-23T22:22:58.310Z] GET /api/v1/lastreet/professionals/recommendations?limit=6 200 410ms
[2025-12-23T22:23:01.266Z] Email envoyé à : servergold2012@gmail.com
[2025-12-23T22:23:03.089Z] GET /api/v1/lastreet/professionals/694a91ab4b17f9cf939913ea 200 458ms
[2025-12-23T22:23:10.670Z] POST /api/v1/lastreet/reports 200 2158ms
[2025-12-23T22:23:28.192Z] GET /api/v1/lastreet/professionals/694a91ab4b17f9cf939913ea 200 498ms
[2025-12-23T22:23:31.070Z] GET /api/v1/lastreet/professionals/recommendations?limit=6 200 305ms
[2025-12-23T22:23:31.091Z] GET /api/v1/lastreet/professionals 200 316ms
[2025-12-23T22:23:36.338Z] GET /api/v1/lastreet/professionals/me 200 524ms
[2025-12-23T22:23:38.548Z] GET /api/v1/lastreet/professionals/recommendations?limit=6 200 860ms
[2025-12-23T22:23:38.645Z] GET /api/v1/lastreet/professionals 200 950ms
[2025-12-23T22:23:42.604Z] GET /api/v1/lastreet/professionals/694aba74e119ceca79a48b80 200 424ms
[2025-12-23T22:23:48.016Z] POST /api/v1/lastreet/reports 200 335ms
[2025-12-23T22:23:54.653Z] GET /api/v1/lastreet/professionals/recommendations?limit=6 200 371ms
[2025-12-23T22:23:54.734Z] GET /api/v1/lastreet/professionals 200 448ms
[2025-12-23T22:23:56.400Z] GET /api/v1/lastreet/categories 200 699ms
[2025-12-23T22:25:12.093Z] POST /api/v1/lastreet/auth/register 200 869ms
[2025-12-23T22:25:12.949Z] POST /api/v1/lastreet/auth/login 200 839ms
[2025-12-23T22:25:16.523Z] Email envoyé à : ertret@fklele
[2025-12-23T22:25:30.087Z] POST /api/v1/lastreet/professionals 200 17122ms
[2025-12-23T22:25:30.767Z] GET /api/v1/lastreet/professionals/me 200 662ms
[2025-12-23T22:25:43.581Z] GET /api/v1/lastreet/professionals/694b16d9a6241e610250d466 200 367ms
[2025-12-23T22:26:01.755Z] GET /api/v1/lastreet/professionals 200 362ms
[2025-12-23T22:26:01.772Z] GET /api/v1/lastreet/professionals/recommendations?limit=6 200 377ms
[2025-12-23T22:26:14.719Z] POST /api/v1/lastreet/auth/login 200 733ms
[2025-12-23T22:26:15.034Z] GET /api/v1/lastreet/professionals 200 299ms
[2025-12-23T22:26:15.329Z] GET /api/v1/lastreet/professionals/recommendations?limit=6 200 598ms
[2025-12-23T22:26:17.990Z] Email envoyé à : servergold2012@gmail.com
[2025-12-23T22:26:34.561Z] POST /api/v1/lastreet/auth/login 200 1897ms
[2025-12-23T22:26:35.890Z] GET /api/v1/lastreet/admin/reports?status=open&limit=50 200 1250ms
[2025-12-23T22:26:35.895Z] GET /api/v1/lastreet/admin/professionals?approvalStatus=pending 200 1281ms
[2025-12-23T22:26:35.877Z] GET /api/v1/lastreet/admin/users 200 1256ms
[2025-12-23T22:26:37.109Z] GET /api/v1/lastreet/admin/stats 200 2501ms
[2025-12-23T22:26:38.737Z] Email envoyé à : admin@admin.com
[2025-12-23T22:27:37.973Z] PATCH /api/v1/lastreet/admin/professionals/694b16d9a6241e610250d466/status 200 1417ms
[2025-12-23T22:27:39.628Z] GET /api/v1/lastreet/admin/professionals?approvalStatus=pending 200 1261ms
[2025-12-23T22:27:39.710Z] GET /api/v1/lastreet/admin/reports?status=open&limit=50 200 1333ms
[2025-12-23T22:27:40.375Z] GET /api/v1/lastreet/admin/users 200 2003ms
[2025-12-23T22:27:40.382Z] GET /api/v1/lastreet/admin/stats 200 2023ms
[2025-12-23T22:27:43.915Z] GET /api/v1/lastreet/professionals 200 399ms
[2025-12-23T22:27:44.019Z] GET /api/v1/lastreet/professionals/recommendations?limit=6 200 508ms
[2025-12-23T22:27:53.378Z] POST /api/v1/lastreet/auth/login 200 769ms
[2025-12-23T22:28:00.281Z] POST /api/v1/lastreet/auth/login 200 805ms
[2025-12-23T22:28:00.832Z] GET /api/v1/lastreet/professionals/recommendations?limit=6 200 529ms
[2025-12-23T22:28:00.843Z] GET /api/v1/lastreet/professionals 200 537ms
[2025-12-23T22:28:03.549Z] Email envoyé à : servergold2012@gmail.com
[2025-12-23T22:28:06.615Z] GET /api/v1/lastreet/professionals/694b16d9a6241e610250d466 200 435ms
[2025-12-23T22:28:13.621Z] POST /api/v1/lastreet/reports 200 706ms
[2025-12-23T22:28:22.260Z] GET /api/v1/lastreet/professionals 200 317ms
[2025-12-23T22:28:22.277Z] GET /api/v1/lastreet/professionals/recommendations?limit=6 200 341ms
[2025-12-23T22:28:36.444Z] POST /api/v1/lastreet/auth/login 200 707ms
[2025-12-23T22:28:37.163Z] GET /api/v1/lastreet/admin/users 200 684ms
[2025-12-23T22:28:37.178Z] GET /api/v1/lastreet/admin/reports?status=open&limit=50 200 706ms
[2025-12-23T22:28:38.559Z] GET /api/v1/lastreet/admin/stats 200 2098ms
[2025-12-23T22:28:38.598Z] GET /api/v1/lastreet/admin/professionals?approvalStatus=pending 200 2132ms
[2025-12-23T22:28:39.721Z] Email envoyé à : admin@admin.com
[2025-12-23T22:57:41.164Z] GET /api/v1/lastreet/admin/users 200 2513ms
[2025-12-23T22:57:42.074Z] GET /api/v1/lastreet/admin/professionals?approvalStatus=pending 200 3432ms
[2025-12-23T22:57:42.250Z] GET /api/v1/lastreet/admin/stats 200 3638ms
[2025-12-23T22:57:44.013Z] GET /api/v1/lastreet/admin/reports?status=open&limit=80 200 5359ms
[2025-12-23T22:57:49.204Z] GET /api/v1/lastreet/professionals/694b16d9a6241e610250d466 200 446ms
[2025-12-23T22:58:03.381Z] GET /api/v1/lastreet/admin/users 200 534ms
[2025-12-23T22:58:03.431Z] GET /api/v1/lastreet/admin/reports?status=open&limit=80 200 580ms
[2025-12-23T22:58:04.652Z] GET /api/v1/lastreet/admin/professionals?approvalStatus=pending 200 1811ms
[2025-12-23T22:58:04.661Z] GET /api/v1/lastreet/admin/stats 200 1828ms
[2025-12-23T22:58:14.909Z] DELETE /api/v1/lastreet/admin/users/694b16c7a6241e610250d461 200 462ms
[2025-12-23T22:58:15.229Z] GET /api/v1/lastreet/admin/stats 200 313ms
[2025-12-23T22:58:15.234Z] GET /api/v1/lastreet/admin/users 200 311ms
[2025-12-23T22:58:15.718Z] GET /api/v1/lastreet/admin/reports?status=open&limit=80 200 792ms
[2025-12-23T22:58:16.655Z] GET /api/v1/lastreet/admin/professionals?approvalStatus=pending 200 1735ms
[2025-12-23T22:58:18.753Z] GET /api/v1/lastreet/admin/stats 200 341ms
[2025-12-23T22:58:18.762Z] GET /api/v1/lastreet/admin/professionals?approvalStatus=pending 200 333ms
[2025-12-23T22:58:18.775Z] GET /api/v1/lastreet/admin/users 200 335ms
[2025-12-23T22:58:18.885Z] GET /api/v1/lastreet/admin/reports?status=open&limit=80 200 440ms
[2025-12-23T22:58:31.210Z] GET /api/v1/lastreet/admin/professionals?approvalStatus=pending 200 2509ms
[2025-12-23T22:58:31.224Z] GET /api/v1/lastreet/admin/users 200 2521ms
[2025-12-23T22:58:31.247Z] GET /api/v1/lastreet/admin/stats 200 2538ms
[2025-12-23T22:58:31.413Z] GET /api/v1/lastreet/admin/reports?status=open&limit=80 200 2703ms
[2025-12-23T22:58:31.726Z] GET /api/v1/lastreet/professionals 200 316ms
[2025-12-23T22:58:31.735Z] GET /api/v1/lastreet/professionals/recommendations?limit=6 200 347ms
[2025-12-23T22:58:37.206Z] GET /api/v1/lastreet/professionals 200 366ms
[2025-12-23T22:58:37.243Z] GET /api/v1/lastreet/professionals/recommendations?limit=6 200 406ms
[2025-12-23T22:58:53.043Z] GET /api/v1/lastreet/categories 200 835ms
[2025-12-23T23:01:13.481Z] POST /api/v1/lastreet/auth/login 200 900ms
[2025-12-23T23:01:14.093Z] GET /api/v1/lastreet/professionals 200 588ms
[2025-12-23T23:01:14.110Z] GET /api/v1/lastreet/professionals/recommendations?limit=6 200 609ms
[2025-12-23T23:01:26.619Z] GET /api/v1/lastreet/professionals/694b16d9a6241e610250d466 200 6738ms
[2025-12-23T23:01:49.956Z] POST /api/v1/lastreet/reports 200 496ms
[2025-12-23T23:03:04.355Z] GET /api/v1/lastreet/professionals/me 200 636ms
[2025-12-23T23:03:10.723Z] PATCH /api/v1/lastreet/professionals/me 200 923ms
[2025-12-23T23:03:12.721Z] GET /api/v1/lastreet/professionals/me 200 451ms
[2025-12-23T23:03:14.971Z] GET /api/v1/lastreet/professionals/me 200 624ms
[2025-12-23T23:07:26.161Z] GET /api/v1/lastreet/professionals/me 200 2546ms
[2025-12-23T23:08:36.151Z] GET /api/v1/lastreet/professionals/recommendations?limit=6 200 2220ms
[2025-12-23T23:08:36.157Z] GET /api/v1/lastreet/professionals 200 2277ms
[2025-12-23T23:08:44.747Z] GET /api/v1/lastreet/professionals/me 200 816ms
[2025-12-23T23:09:03.033Z] GET /api/v1/lastreet/professionals/recommendations?limit=6 200 333ms
[2025-12-23T23:09:03.049Z] GET /api/v1/lastreet/professionals 200 344ms
[2025-12-23T23:09:09.004Z] GET /api/v1/lastreet/professionals/694aba74e119ceca79a48b80 200 318ms
[2025-12-23T23:13:41.509Z] GET /api/v1/lastreet/professionals/694aba74e119ceca79a48b80 200 1422ms
[2025-12-23T23:13:42.040Z] GET /api/v1/lastreet/professionals/me 200 2616ms
[2025-12-23T23:13:50.964Z] GET /api/v1/lastreet/professionals 200 531ms
[2025-12-23T23:13:52.284Z] GET /api/v1/lastreet/professionals/recommendations?limit=6 200 1849ms
[2025-12-23T23:13:55.509Z] GET /api/v1/lastreet/professionals/694a91aa4b17f9cf939913e4 200 282ms
[2025-12-23T23:14:04.128Z] GET /api/v1/lastreet/professionals 200 352ms
[2025-12-23T23:14:04.147Z] GET /api/v1/lastreet/professionals/recommendations?limit=6 200 376ms
[2025-12-23T23:21:06.107Z] GET /api/v1/lastreet/professionals 200 2424ms
[2025-12-23T23:21:06.112Z] GET /api/v1/lastreet/professionals/recommendations?limit=6 200 2432ms
[2025-12-23T23:21:42.381Z] GET /api/v1/lastreet/professionals/694a91aa4b17f9cf939913e4 200 363ms
[2025-12-23T23:21:47.274Z] GET /api/v1/lastreet/professionals 200 378ms
[2025-12-23T23:21:47.284Z] GET /api/v1/lastreet/professionals/recommendations?limit=6 200 391ms
[2025-12-23T23:21:56.969Z] POST /api/v1/lastreet/professionals/694a91ab4b17f9cf939913ea/rate 200 778ms
[2025-12-23T23:22:00.189Z] POST /api/v1/lastreet/professionals/694a91ab4b17f9cf939913ea/rate 200 908ms
[2025-12-23T23:22:58.747Z] GET /api/v1/lastreet/professionals/694a91ab4b17f9cf939913ea 200 4552ms
[2025-12-23T23:23:47.534Z] GET /api/v1/lastreet/professionals/me 200 526ms
[2025-12-23T23:23:48.231Z] GET /api/v1/lastreet/professionals 200 252ms
[2025-12-23T23:23:49.287Z] GET /api/v1/lastreet/professionals/recommendations?limit=6 200 1312ms
[2025-12-23T23:27:12.673Z] GET /api/v1/lastreet/professionals/recommendations?limit=6 200 2434ms
[2025-12-23T23:27:12.875Z] GET /api/v1/lastreet/professionals 200 2563ms
[2025-12-23T23:27:17.300Z] GET /api/v1/lastreet/professionals 200 297ms
[2025-12-23T23:27:17.307Z] GET /api/v1/lastreet/professionals/recommendations?limit=6 200 308ms
[2025-12-23T23:27:32.307Z] POST /api/v1/lastreet/professionals/694a91aa4b17f9cf939913e4/rate 200 721ms
[2025-12-23T23:34:45.968Z] GET /api/v1/lastreet/professionals/recommendations?limit=6 200 458ms
[2025-12-23T23:34:46.071Z] GET /api/v1/lastreet/professionals 200 558ms
[2025-12-23T23:37:04.352Z] GET /api/v1/lastreet/professionals/recommendations?limit=6 200 600ms
[2025-12-23T23:37:04.375Z] GET /api/v1/lastreet/professionals?q=c 200 609ms
[2025-12-23T23:37:10.279Z] GET /api/v1/lastreet/professionals/me 200 450ms
[2025-12-23T23:37:12.378Z] GET /api/v1/lastreet/professionals/recommendations?limit=6 200 512ms
[2025-12-23T23:37:12.388Z] GET /api/v1/lastreet/professionals 200 518ms
[2025-12-23T23:37:23.333Z] GET /api/v1/lastreet/professionals?ville=Pointe-Noire&q=%C3%89lectricien 200 185ms
[2025-12-23T23:37:23.554Z] GET /api/v1/lastreet/professionals/recommendations?ville=Pointe-Noire&limit=6 200 413ms
[2025-12-23T23:40:50.424Z] POST /api/v1/lastreet/professionals/694a91aa4b17f9cf939913df/rate 200 832ms
[2025-12-23T23:41:51.062Z] GET /api/v1/lastreet/professionals?ville=Pointe-Noire&q=%C3%89lectricien 200 153ms
[2025-12-23T23:41:51.240Z] GET /api/v1/lastreet/professionals/recommendations?ville=Pointe-Noire&limit=6 200 335ms
[2025-12-23T23:42:01.150Z] GET /api/v1/lastreet/professionals/me 200 534ms
[2025-12-23T23:42:02.100Z] GET /api/v1/lastreet/professionals 200 332ms
[2025-12-23T23:42:02.129Z] GET /api/v1/lastreet/professionals/recommendations?limit=6 200 365ms
[2025-12-23T23:44:11.235Z] GET /api/v1/lastreet/professionals/recommendations?limit=6 200 378ms
[2025-12-23T23:44:11.241Z] GET /api/v1/lastreet/professionals 200 380ms
[2025-12-23T23:44:12.960Z] GET /api/v1/lastreet/categories 200 343ms
[2025-12-23T23:44:52.029Z] GET /api/v1/lastreet/categories 200 279ms
[2025-12-23T23:44:58.904Z] GET /api/v1/lastreet/categories 200 362ms
[2025-12-23T23:45:44.028Z] GET /api/v1/lastreet/categories 200 374ms
[2025-12-23T23:46:01.620Z] GET /api/v1/lastreet/professionals/recommendations?limit=6 200 419ms
[2025-12-23T23:46:01.632Z] GET /api/v1/lastreet/professionals 200 430ms
[2025-12-23T23:46:06.269Z] GET /api/v1/lastreet/professionals?ville=Brazzaville&q=D%C3%A9veloppeur%20web 200 173ms
[2025-12-23T23:46:06.471Z] GET /api/v1/lastreet/professionals/recommendations?ville=Brazzaville&limit=6 200 379ms
[2025-12-23T23:46:13.188Z] GET /api/v1/lastreet/professionals/recommendations?limit=6 200 392ms
[2025-12-23T23:46:13.278Z] GET /api/v1/lastreet/professionals 200 471ms
[2025-12-23T23:47:20.994Z] GET /api/v1/lastreet/professionals?ville=Brazzaville&q=D%C3%A9veloppeur%20web 200 276ms
[2025-12-23T23:47:21.139Z] GET /api/v1/lastreet/professionals/recommendations?ville=Brazzaville&limit=6 200 407ms
[2025-12-23T23:47:24.667Z] GET /api/v1/lastreet/professionals/recommendations?limit=6 200 653ms
[2025-12-23T23:47:24.673Z] GET /api/v1/lastreet/professionals 200 656ms
[2025-12-23T23:48:48.552Z] GET /api/v1/lastreet/professionals 200 589ms
[2025-12-23T23:48:49.599Z] GET /api/v1/lastreet/professionals/recommendations?limit=6 200 1645ms
[2025-12-23T23:48:52.937Z] GET /api/v1/lastreet/professionals/recommendations?limit=6 200 353ms
[2025-12-23T23:48:52.982Z] GET /api/v1/lastreet/professionals 200 394ms
[2025-12-23T23:50:13.929Z] GET /api/v1/lastreet/professionals 200 314ms
[2025-12-23T23:50:13.968Z] GET /api/v1/lastreet/professionals/recommendations?limit=6 200 354ms
[2025-12-23T23:50:55.719Z] GET /api/v1/lastreet/professionals 200 478ms
[2025-12-23T23:50:55.736Z] GET /api/v1/lastreet/professionals/recommendations?limit=6 200 506ms
[2025-12-23T23:51:40.024Z] GET /api/v1/lastreet/professionals/recommendations?limit=6 200 328ms
[2025-12-23T23:51:40.049Z] GET /api/v1/lastreet/professionals 200 351ms
[2025-12-23T23:53:17.124Z] GET /api/v1/lastreet/professionals/recommendations?limit=6 200 366ms
[2025-12-23T23:53:17.136Z] GET /api/v1/lastreet/professionals 200 371ms
[2025-12-23T23:53:21.135Z] GET /api/v1/lastreet/professionals 200 354ms
[2025-12-23T23:53:21.141Z] GET /api/v1/lastreet/professionals/recommendations?limit=6 200 364ms
[2025-12-23T23:58:15.372Z] GET /api/v1/lastreet/professionals/recommendations?limit=6 200 355ms
[2025-12-23T23:58:15.393Z] GET /api/v1/lastreet/professionals 200 376ms
[2025-12-23T23:58:22.426Z] GET /api/v1/lastreet/professionals?ville=Kribi 200 141ms
[2025-12-23T23:58:22.447Z] GET /api/v1/lastreet/professionals/recommendations?ville=Kribi&limit=6 200 158ms
[2025-12-24T00:07:25.244Z] GET /api/v1/lastreet/professionals/recommendations?limit=6 200 358ms
[2025-12-24T00:07:25.250Z] GET /api/v1/lastreet/professionals 200 361ms
[2025-12-24T00:07:31.530Z] GET /api/v1/lastreet/professionals/694a91aa4b17f9cf939913df 200 296ms
[2025-12-24T00:14:10.846Z] GET /api/v1/lastreet/professionals/694a91aa4b17f9cf939913df 200 327ms
[2025-12-24T00:14:15.162Z] GET /api/v1/lastreet/professionals 200 328ms
[2025-12-24T00:14:15.169Z] GET /api/v1/lastreet/professionals/recommendations?limit=8 200 339ms
[2025-12-24T00:14:32.288Z] GET /api/v1/lastreet/professionals 200 340ms
[2025-12-24T00:14:32.293Z] GET /api/v1/lastreet/professionals/recommendations?limit=8 200 348ms
[2025-12-24T00:18:56.696Z] GET /api/v1/lastreet/professionals/recommendations?limit=6 200 483ms
[2025-12-24T00:18:56.715Z] GET /api/v1/lastreet/professionals 200 500ms
[2025-12-24T00:26:15.649Z] GET /api/v1/lastreet/professionals 200 348ms
[2025-12-24T00:26:15.785Z] GET /api/v1/lastreet/professionals/recommendations?limit=6 200 495ms
[2025-12-24T00:26:36.417Z] POST /api/v1/lastreet/auth/login 200 989ms
[2025-12-24T00:26:42.296Z] POST /api/v1/lastreet/auth/login 200 916ms
[2025-12-24T00:26:42.917Z] GET /api/v1/lastreet/professionals 200 567ms
[2025-12-24T00:26:43.062Z] GET /api/v1/lastreet/professionals/recommendations?limit=6 200 714ms
[2025-12-24T00:26:56.320Z] GET /api/v1/lastreet/professionals/694a91aa4b17f9cf939913da 200 462ms
[2025-12-24T00:27:00.799Z] GET /api/v1/lastreet/professionals/recommendations?limit=6 200 443ms
[2025-12-24T00:27:00.812Z] GET /api/v1/lastreet/professionals 200 466ms
[2025-12-24T00:29:39.014Z] GET /api/v1/lastreet/professionals/recommendations?limit=6 200 320ms
[2025-12-24T00:29:39.022Z] GET /api/v1/lastreet/professionals 200 329ms
[2025-12-24T00:29:59.279Z] GET /api/v1/lastreet/professionals/694a91ab4b17f9cf939913ea 200 341ms
[2025-12-24T00:30:02.179Z] GET /api/v1/lastreet/professionals/recommendations?limit=6 200 349ms
[2025-12-24T00:30:02.187Z] GET /api/v1/lastreet/professionals 200 352ms
[2025-12-24T00:34:38.282Z] GET /api/v1/lastreet/professionals/recommendations?limit=6 200 380ms
[2025-12-24T00:34:38.292Z] GET /api/v1/lastreet/professionals 200 388ms
[2025-12-24T00:34:44.959Z] POST /api/v1/lastreet/professionals/694b16d9a6241e610250d466/rate 200 897ms
[2025-12-24T00:34:48.647Z] POST /api/v1/lastreet/professionals/694aba74e119ceca79a48b80/rate 200 1464ms
[2025-12-24T00:34:54.144Z] POST /api/v1/lastreet/professionals/694a91aa4b17f9cf939913e4/rate 200 1587ms
[2025-12-24T00:34:59.480Z] POST /api/v1/lastreet/professionals/694a91ab4b17f9cf939913ea/rate 200 815ms
[2025-12-24T00:41:27.335Z] GET /api/v1/lastreet/professionals 200 324ms
[2025-12-24T00:41:27.361Z] GET /api/v1/lastreet/professionals/recommendations?limit=6 200 356ms
[2025-12-24T00:42:14.373Z] GET /api/v1/lastreet/categories 200 404ms
[2025-12-24T00:43:00.964Z] GET /api/v1/lastreet/professionals 200 401ms
[2025-12-24T00:43:00.978Z] GET /api/v1/lastreet/professionals/recommendations?limit=6 200 420ms
[2025-12-24T00:43:31.805Z] GET /api/v1/lastreet/professionals/recommendations?limit=6 200 396ms
[2025-12-24T00:43:31.821Z] GET /api/v1/lastreet/professionals 200 399ms
[2025-12-24T00:48:50.038Z] GET /api/v1/lastreet/professionals/694aba74e119ceca79a48b80 200 501ms
[2025-12-24T00:49:16.804Z] GET /api/v1/lastreet/professionals/recommendations?limit=6 200 443ms
[2025-12-24T00:49:16.815Z] GET /api/v1/lastreet/professionals 200 452ms
[2025-12-24T00:49:17.763Z] GET /api/v1/lastreet/professionals 200 443ms
[2025-12-24T00:49:17.781Z] GET /api/v1/lastreet/professionals/recommendations?limit=6 200 465ms
[2025-12-24T00:54:31.145Z] GET /api/v1/lastreet/professionals/recommendations?limit=6 200 2641ms
[2025-12-24T00:54:31.965Z] GET /api/v1/lastreet/professionals 200 3453ms
[2025-12-24T00:54:32.111Z] GET /api/v1/lastreet/professionals/694aba74e119ceca79a48b80 200 2393ms
[2025-12-24T08:11:05.042Z] GET /api/v1/lastreet/professionals/recommendations?limit=6 200 674ms
[2025-12-24T08:11:05.403Z] GET /api/v1/lastreet/professionals 200 1033ms
[2025-12-24T08:11:05.429Z] GET /api/v1/lastreet/professionals/694aba74e119ceca79a48b80 200 829ms
[2025-12-24T08:11:09.851Z] POST /api/v1/lastreet/professionals/694a91ab4b17f9cf939913ea/rate 200 366ms
[2025-12-24T08:11:11.840Z] GET /api/v1/lastreet/professionals/694a91ab4b17f9cf939913ea 200 127ms
[2025-12-24T08:11:15.097Z] GET /api/v1/lastreet/professionals/recommendations?limit=6 200 129ms
[2025-12-24T08:11:15.109Z] GET /api/v1/lastreet/professionals 200 140ms
[2025-12-24T08:11:16.375Z] GET /api/v1/lastreet/professionals/recommendations?limit=6 200 129ms
[2025-12-24T08:11:16.778Z] GET /api/v1/lastreet/professionals 200 525ms
[2025-12-24T08:12:03.214Z] GET /api/v1/lastreet/professionals?quartier=ty 200 89ms
[2025-12-24T08:12:03.274Z] GET /api/v1/lastreet/professionals/recommendations?limit=6 200 162ms
[2025-12-24T08:16:47.769Z] GET /api/v1/lastreet/professionals?quartier=ty 200 105ms
[2025-12-24T08:16:47.879Z] GET /api/v1/lastreet/professionals/recommendations?limit=6 200 172ms
[2025-12-24T08:17:04.936Z] GET /api/v1/lastreet/professionals?quartier=ty 200 81ms
[2025-12-24T08:17:05.079Z] GET /api/v1/lastreet/professionals/recommendations?limit=6 200 228ms
[2025-12-24T08:17:37.047Z] GET /api/v1/lastreet/professionals/recommendations?ville=Pointe-Noire&limit=6 200 138ms
[2025-12-24T08:17:37.060Z] GET /api/v1/lastreet/professionals?ville=Pointe-Noire 200 147ms
[2025-12-24T08:17:46.745Z] POST /api/v1/lastreet/professionals/694a91aa4b17f9cf939913df/rate 200 353ms
[2025-12-24T08:18:14.553Z] POST /api/v1/lastreet/professionals/694a91aa4b17f9cf939913df/rate 200 339ms
[2025-12-24T08:18:22.326Z] GET /api/v1/lastreet/professionals/recommendations?ville=Pointe-&limit=6 200 162ms
[2025-12-24T08:18:22.346Z] GET /api/v1/lastreet/professionals?ville=Pointe- 200 177ms
[2025-12-24T08:18:29.915Z] GET /api/v1/lastreet/professionals/694a91aa4b17f9cf939913df 200 133ms
[2025-12-25T07:39:59.862Z] GET /api/v1/lastreet/professionals/694a91aa4b17f9cf939913df 200 3897ms
[2025-12-25T07:40:10.004Z] GET /api/v1/lastreet/professionals/recommendations?limit=6 200 1563ms
[2025-12-25T07:40:16.547Z] GET /api/v1/lastreet/professionals/recommendations?limit=6 200 5299ms
[2025-12-25T07:40:16.776Z] GET /api/v1/lastreet/professionals 200 8323ms
[2025-12-25T07:40:17.366Z] GET /api/v1/lastreet/professionals 200 586ms
[2025-12-25T07:40:44.563Z] GET /api/v1/lastreet/professionals/recommendations?limit=6 200 13462ms
[2025-12-25T07:40:45.525Z] GET /api/v1/lastreet/professionals 200 14419ms
[2025-12-25T07:41:14.080Z] GET /api/v1/lastreet/professionals 200 8194ms
[2025-12-25T07:41:14.812Z] GET /api/v1/lastreet/professionals/recommendations?limit=6 200 8931ms
[2025-12-25T07:41:26.178Z] GET /api/v1/lastreet/professionals 200 12092ms
[2025-12-25T07:41:26.404Z] GET /api/v1/lastreet/professionals/recommendations?limit=6 200 11588ms
[2025-12-25T07:41:28.569Z] GET /api/v1/lastreet/professionals/me 200 14596ms
[2025-12-25T07:41:29.801Z] GET /api/v1/lastreet/professionals 200 3619ms
[2025-12-25T07:41:29.973Z] GET /api/v1/lastreet/professionals/recommendations?limit=6 200 3565ms
[2025-12-25T07:42:25.560Z] GET /api/v1/lastreet/professionals/recommendations?limit=6 200 6943ms
[2025-12-25T07:42:25.753Z] GET /api/v1/lastreet/professionals 200 7132ms
[2025-12-25T07:49:51.526Z] GET /api/v1/lastreet/professionals/recommendations?limit=6 200 853ms
[2025-12-25T07:49:51.533Z] GET /api/v1/lastreet/professionals 200 851ms
[2025-12-25T07:54:58.148Z] GET /api/v1/lastreet/professionals/recommendations?limit=6 200 854ms
[2025-12-25T07:54:58.160Z] GET /api/v1/lastreet/professionals 200 861ms
[2025-12-25T07:55:04.838Z] GET /api/v1/lastreet/professionals/me 200 581ms
[2025-12-25T07:56:26.876Z] GET /api/v1/lastreet/professionals/recommendations?limit=6 200 333ms
[2025-12-25T07:56:26.994Z] GET /api/v1/lastreet/professionals 200 454ms
[2025-12-25T07:56:48.848Z] GET /api/v1/lastreet/professionals 200 357ms
[2025-12-25T07:56:48.855Z] GET /api/v1/lastreet/professionals/recommendations?limit=6 200 366ms
[2025-12-25T07:56:59.901Z] POST /api/v1/lastreet/professionals/694aba74e119ceca79a48b80/rate 200 883ms
[2025-12-25T07:57:05.083Z] GET /api/v1/lastreet/professionals/recommendations?limit=6 200 403ms
[2025-12-25T07:57:05.238Z] GET /api/v1/lastreet/professionals 200 549ms
[2025-12-25T07:57:13.163Z] GET /api/v1/lastreet/professionals/me 200 407ms
[2025-12-25T07:57:16.521Z] GET /api/v1/lastreet/professionals/recommendations?limit=6 200 308ms
[2025-12-25T07:57:16.559Z] GET /api/v1/lastreet/professionals 200 340ms
[2025-12-25T07:58:53.510Z] GET /api/v1/lastreet/professionals/694a91aa4b17f9cf939913df 200 338ms
[2025-12-25T07:58:53.513Z] GET /api/v1/lastreet/professionals/694aba74e119ceca79a48b80 200 337ms
[2025-12-25T07:58:59.059Z] GET /api/v1/lastreet/professionals/694aba74e119ceca79a48b80 200 321ms
[2025-12-25T07:58:59.063Z] GET /api/v1/lastreet/professionals/694a91aa4b17f9cf939913df 200 328ms
[2025-12-25T07:59:24.031Z] GET /api/v1/lastreet/professionals 200 296ms
[2025-12-25T07:59:24.035Z] GET /api/v1/lastreet/professionals/recommendations?limit=6 200 303ms
[2025-12-25T08:05:22.996Z] GET /api/v1/lastreet/categories 200 402ms
[2025-12-25T08:14:28.855Z] GET /api/v1/lastreet/categories 200 380ms
[2025-12-25T08:16:04.296Z] GET /api/v1/lastreet/professionals 200 364ms
[2025-12-25T08:16:04.345Z] GET /api/v1/lastreet/professionals/recommendations?limit=6 200 418ms
[2025-12-25T08:16:13.809Z] GET /api/v1/lastreet/categories 200 377ms
[2025-12-25T08:16:26.098Z] POST /api/v1/lastreet/auth/register 200 167ms
[2025-12-25T08:16:26.750Z] POST /api/v1/lastreet/auth/login 200 636ms
[2025-12-25T08:16:37.529Z] GET /api/v1/lastreet/professionals/recommendations?limit=6 200 281ms
[2025-12-25T08:16:37.541Z] GET /api/v1/lastreet/professionals 200 290ms
[2025-12-25T08:16:49.747Z] GET /api/v1/lastreet/professionals/recommendations?limit=6 200 269ms
[2025-12-25T08:16:49.762Z] GET /api/v1/lastreet/professionals 200 282ms
[2025-12-25T08:17:02.453Z] POST /api/v1/lastreet/auth/login 200 866ms
[2025-12-25T08:17:02.768Z] GET /api/v1/lastreet/professionals 200 285ms
[2025-12-25T08:17:02.773Z] GET /api/v1/lastreet/professionals/recommendations?limit=6 200 291ms
[2025-12-25T08:17:06.300Z] GET /api/v1/lastreet/professionals/me 200 513ms
[2025-12-25T08:24:16.558Z] GET /api/v1/lastreet/professionals/me 200 433ms
[2025-12-25T08:24:38.609Z] GET /api/v1/lastreet/professionals/me 200 448ms
[2025-12-25T08:24:42.769Z] GET /api/v1/lastreet/professionals/me 200 458ms
[2025-12-25T08:34:57.468Z] GET /api/v1/lastreet/professionals/me 200 551ms
[2025-12-25T08:35:03.739Z] GET /api/v1/lastreet/professionals/recommendations?limit=6 200 369ms
[2025-12-25T08:35:03.744Z] GET /api/v1/lastreet/professionals 200 369ms
[2025-12-25T08:35:05.321Z] GET /api/v1/lastreet/professionals 200 332ms
[2025-12-25T08:35:05.327Z] GET /api/v1/lastreet/professionals/recommendations?limit=6 200 339ms
[2025-12-25T08:35:08.086Z] GET /api/v1/lastreet/professionals/recommendations?limit=6 200 323ms
[2025-12-25T08:35:08.098Z] GET /api/v1/lastreet/professionals 200 332ms
[2025-12-25T08:35:09.841Z] GET /api/v1/lastreet/categories 200 301ms
[2025-12-25T08:36:30.903Z] POST /api/v1/lastreet/auth/register 200 764ms
[2025-12-25T08:36:31.567Z] POST /api/v1/lastreet/auth/login 200 655ms
[2025-12-25T08:36:50.634Z] POST /api/v1/lastreet/auth/register 200 793ms
[2025-12-25T08:36:51.295Z] POST /api/v1/lastreet/auth/login 200 649ms
[2025-12-25T08:37:10.689Z] POST /api/v1/lastreet/auth/register 200 790ms
[2025-12-25T08:37:11.466Z] POST /api/v1/lastreet/auth/login 200 765ms
[2025-12-25T08:39:14.149Z] GET /api/v1/lastreet/categories 200 537ms
[2025-12-25T08:40:58.167Z] POST /api/v1/lastreet/auth/login 200 1361ms
[2025-12-25T08:40:58.666Z] GET /api/v1/lastreet/admin/professionals?approvalStatus=pending 200 357ms
[2025-12-25T08:40:58.670Z] GET /api/v1/lastreet/admin/users 200 352ms
[2025-12-25T08:40:58.810Z] GET /api/v1/lastreet/admin/reports?status=open&limit=80 200 485ms
[2025-12-25T08:40:59.890Z] GET /api/v1/lastreet/admin/stats 200 1592ms
[2025-12-25T08:41:40.213Z] GET /api/v1/lastreet/professionals 200 319ms
[2025-12-25T08:41:40.240Z] GET /api/v1/lastreet/professionals/recommendations?limit=6 200 349ms
[2025-12-25T08:42:34.292Z] GET /api/v1/lastreet/professionals/recommendations?limit=6 200 348ms
[2025-12-25T08:42:34.299Z] GET /api/v1/lastreet/professionals 200 349ms
[2025-12-25T08:42:58.596Z] GET /api/v1/lastreet/categories 200 1859ms
[2025-12-25T08:43:59.901Z] GET /api/v1/lastreet/categories 200 308ms
[2025-12-25T08:51:08.994Z] GET /api/v1/lastreet/categories 200 402ms
[2025-12-25T08:53:04.850Z] GET /api/v1/lastreet/categories 200 365ms
[2025-12-25T08:54:11.714Z] POST /api/v1/lastreet/auth/login 200 24516ms
[2025-12-25T08:54:14.118Z] GET /api/v1/lastreet/professionals/recommendations?limit=6 200 1337ms
[2025-12-25T08:54:15.056Z] GET /api/v1/lastreet/professionals 200 2278ms
[2025-12-25T08:54:39.721Z] GET /api/v1/lastreet/professionals/me 200 506ms
[2025-12-25T08:54:42.086Z] GET /api/v1/lastreet/professionals 200 357ms
[2025-12-25T08:54:42.104Z] GET /api/v1/lastreet/professionals/recommendations?limit=6 200 379ms
[2025-12-25T08:54:44.648Z] GET /api/v1/lastreet/categories 200 308ms
[2025-12-25T08:55:33.083Z] POST /api/v1/lastreet/auth/register 200 692ms
[2025-12-25T08:56:10.432Z] POST /api/v1/lastreet/auth/register 200 754ms
[2025-12-25T08:56:11.213Z] POST /api/v1/lastreet/auth/login 200 763ms
[2025-12-25T08:56:14.155Z] Email envoyé à : mayalachristgottlieb+al@gmail.com
[2025-12-25T08:56:22.617Z] PATCH /api/v1/lastreet/auth/profile 200 328ms
[2025-12-25T08:56:36.049Z] GET /api/v1/lastreet/professionals 200 382ms
[2025-12-25T08:56:36.058Z] GET /api/v1/lastreet/professionals/recommendations?limit=6 200 395ms
[2025-12-25T09:15:36.964Z] GET /api/v1/lastreet/professionals/recommendations?limit=6 200 289ms
[2025-12-25T09:15:37.012Z] GET /api/v1/lastreet/professionals 200 333ms
[2025-12-25T09:33:14.749Z] GET /api/v1/lastreet/professionals/recommendations?limit=6 200 383ms
[2025-12-25T09:33:14.763Z] GET /api/v1/lastreet/professionals 200 396ms
[2025-12-25T09:33:23.767Z] GET /api/v1/lastreet/professionals 200 433ms
[2025-12-25T09:33:23.785Z] GET /api/v1/lastreet/professionals/recommendations?limit=6 200 459ms
[2025-12-25T09:33:25.479Z] GET /api/v1/lastreet/professionals 200 269ms
[2025-12-25T09:33:25.499Z] GET /api/v1/lastreet/professionals/recommendations?limit=6 200 290ms
[2025-12-27T21:19:25.721Z] GET /api/v1/lastreet/professionals?tradeId=694d3476f6ee3849b75f5fe4&page=1&limit=9 200 453ms
[2025-12-27T21:19:25.773Z] GET /api/v1/lastreet/categories 200 528ms
[2025-12-27T21:19:25.781Z] GET /api/v1/lastreet/professionals/recommendations?limit=6 200 531ms
[2025-12-27T21:19:26.524Z] GET /api/v1/lastreet/professionals?page=1&limit=100 200 672ms
[2025-12-27T21:19:39.594Z] GET /api/v1/lastreet/professionals/recommendations?limit=6 200 431ms
[2025-12-27T21:19:39.710Z] GET /api/v1/lastreet/professionals?page=1&limit=50 200 537ms
[2025-12-27T21:19:39.773Z] GET /api/v1/lastreet/professionals?page=1&limit=100 200 586ms
[2026-01-01T12:39:45.227Z] GET /api/v1/lastreet/professionals/recommendations?limit=6 200 1404ms
[2026-01-01T12:39:45.372Z] GET /api/v1/lastreet/professionals?page=1&limit=50 200 1479ms
[2026-01-01T12:39:46.505Z] GET /api/v1/lastreet/professionals?page=1&limit=100 200 2599ms
[2026-01-01T12:43:34.447Z] GET /api/v1/lastreet/professionals?page=1&limit=50 200 625ms
[2026-01-01T12:43:34.481Z] GET /api/v1/lastreet/professionals?page=1&limit=100 200 653ms
[2026-01-01T12:43:35.513Z] GET /api/v1/lastreet/professionals/recommendations?limit=6 200 1620ms
[2026-01-01T12:44:37.219Z] GET /api/v1/lastreet/professionals/recommendations?limit=6 200 372ms
[2026-01-01T12:44:37.361Z] GET /api/v1/lastreet/professionals?page=1&limit=50 200 505ms
[2026-01-01T12:48:01.465Z] GET /api/v1/lastreet/professionals/recommendations?limit=6 200 523ms
[2026-01-01T12:48:01.505Z] GET /api/v1/lastreet/professionals?page=1&limit=50 200 646ms
[2026-01-01T12:48:01.536Z] GET /api/v1/lastreet/professionals?page=1&limit=100 200 662ms
[2026-01-01T13:04:11.738Z] GET /api/v1/lastreet/professionals?page=1&limit=100 200 565ms
[2026-01-01T13:16:13.695Z] GET /api/v1/lastreet/professionals?page=1&limit=100 200 1603ms
[2026-01-01T13:18:30.919Z] GET /api/v1/lastreet/professionals?page=1&limit=100 200 439ms
[2026-01-01T13:59:15.432Z] GET /api/v1/lastreet/professionals?page=1&limit=100 200 1698ms
[2026-01-01T13:59:24.067Z] GET /api/v1/lastreet/categories 200 330ms
[2026-01-01T14:04:04.827Z] POST /api/v1/lastreet/auth/login 200 2092ms
[2026-01-01T14:04:05.620Z] GET /api/v1/lastreet/admin/stats 200 619ms
[2026-01-01T14:04:05.979Z] GET /api/v1/lastreet/admin/professionals?approvalStatus=pending 200 945ms
[2026-01-01T14:04:06.254Z] GET /api/v1/lastreet/admin/users 200 1208ms
[2026-01-01T14:04:06.465Z] GET /api/v1/lastreet/admin/reports?status=open&limit=80 200 1403ms
[2026-01-01T14:04:17.739Z] GET /api/v1/lastreet/professionals/recommendations?limit=6 200 525ms
[2026-01-01T14:04:17.882Z] GET /api/v1/lastreet/professionals?page=1&limit=50 200 658ms
[2026-01-01T14:04:21.307Z] GET /api/v1/lastreet/categories 200 350ms
[2026-01-01T14:23:57.929Z] POST /api/v1/lastreet/auth/register 200 1951ms
[2026-01-01T14:23:58.822Z] POST /api/v1/lastreet/auth/login 200 862ms
[2026-01-01T14:24:01.454Z] Email envoyé à : wacocen456@albarulo.com
[2026-01-01T14:24:21.930Z] POST /api/v1/lastreet/professionals 200 23073ms
[2026-01-01T14:24:24.336Z] POST /api/v1/lastreet/auth/login 200 2387ms
[2026-01-01T14:24:26.215Z] GET /api/v1/lastreet/professionals/me 200 1519ms
[2026-01-01T14:24:41.638Z] GET /api/v1/lastreet/professionals/recommendations?limit=6 200 410ms
[2026-01-01T14:24:41.821Z] GET /api/v1/lastreet/professionals?page=1&limit=50 200 579ms
[2026-01-01T14:25:13.785Z] POST /api/v1/lastreet/auth/login 200 721ms
[2026-01-01T14:25:14.370Z] GET /api/v1/lastreet/admin/stats 200 517ms
[2026-01-01T14:25:14.507Z] GET /api/v1/lastreet/admin/reports?status=open&limit=80 200 619ms
[2026-01-01T14:25:15.187Z] GET /api/v1/lastreet/admin/users 200 1315ms
[2026-01-01T14:25:15.391Z] GET /api/v1/lastreet/admin/professionals?approvalStatus=pending 200 1525ms
[2026-01-01T14:25:38.011Z] GET /api/v1/lastreet/admin/professionals/69568395e0f6dabc42e37c4c 200 473ms
[2026-01-01T14:25:56.123Z] PATCH /api/v1/lastreet/admin/professionals/69568395e0f6dabc42e37c4c/status 200 306ms
[2026-01-01T14:25:56.478Z] GET /api/v1/lastreet/admin/professionals?approvalStatus=pending 200 320ms
[2026-01-01T14:25:56.607Z] GET /api/v1/lastreet/admin/users 200 443ms
[2026-01-01T14:25:56.611Z] GET /api/v1/lastreet/admin/reports?status=open&limit=80 200 442ms
[2026-01-01T14:25:57.532Z] GET /api/v1/lastreet/admin/stats 200 1393ms
[2026-01-01T14:26:05.925Z] GET /api/v1/lastreet/admin/professionals?approvalStatus=rejected 200 496ms
[2026-01-01T14:27:52.979Z] DELETE /api/v1/lastreet/admin/professionals/69568395e0f6dabc42e37c4c 200 1363ms
[2026-01-01T14:27:53.715Z] GET /api/v1/lastreet/admin/users 200 714ms
[2026-01-01T14:27:53.906Z] GET /api/v1/lastreet/admin/reports?status=open&limit=80 200 903ms
[2026-01-01T14:27:54.657Z] GET /api/v1/lastreet/admin/professionals?approvalStatus=rejected 200 1662ms
[2026-01-01T14:27:55.490Z] GET /api/v1/lastreet/admin/stats 200 2503ms
[2026-01-01T14:28:46.609Z] GET /api/v1/lastreet/admin/reports?status=open&limit=80 200 1280ms
[2026-01-01T14:28:46.897Z] GET /api/v1/lastreet/admin/stats 200 1604ms
[2026-01-01T14:28:47.251Z] GET /api/v1/lastreet/admin/users 200 1934ms
[2026-01-01T14:28:47.665Z] GET /api/v1/lastreet/admin/professionals?approvalStatus=pending 200 2341ms
[2026-01-01T14:28:50.705Z] GET /api/v1/lastreet/admin/professionals?approvalStatus=rejected 200 290ms
[2026-01-01T14:28:59.491Z] DELETE /api/v1/lastreet/admin/users/6956837de0f6dabc42e37c47 200 399ms
[2026-01-01T14:28:59.806Z] GET /api/v1/lastreet/admin/professionals?approvalStatus=rejected 200 298ms
[2026-01-01T14:28:59.919Z] GET /api/v1/lastreet/admin/users 200 407ms
[2026-01-01T14:28:59.953Z] GET /api/v1/lastreet/admin/reports?status=open&limit=80 200 434ms
[2026-01-01T14:29:00.758Z] GET /api/v1/lastreet/admin/stats 200 1255ms
[2026-01-01T14:37:00.470Z] GET /api/v1/lastreet/admin/users 200 928ms
[2026-01-01T14:37:00.891Z] GET /api/v1/lastreet/admin/professionals?approvalStatus=rejected 200 1378ms
[2026-01-01T14:37:01.220Z] GET /api/v1/lastreet/admin/stats 200 1686ms
[2026-01-01T14:37:01.519Z] GET /api/v1/lastreet/admin/reports?status=open&limit=80 200 1973ms
[2026-01-01T14:37:02.039Z] GET /api/v1/lastreet/admin/stats 200 349ms
[2026-01-01T14:37:02.164Z] GET /api/v1/lastreet/admin/professionals?approvalStatus=rejected 200 471ms
[2026-01-01T14:37:02.170Z] GET /api/v1/lastreet/admin/reports?status=open&limit=80 200 468ms
[2026-01-01T14:37:02.791Z] GET /api/v1/lastreet/admin/users 200 1094ms
[2026-01-01T14:37:11.643Z] GET /api/v1/lastreet/admin/professionals?approvalStatus=approved 200 677ms
[2026-01-01T14:37:14.336Z] GET /api/v1/lastreet/admin/professionals?approvalStatus=pending 200 762ms
[2026-01-01T14:37:17.134Z] GET /api/v1/lastreet/admin/professionals?approvalStatus=rejected 200 1156ms
[2026-01-01T14:39:08.801Z] GET /api/v1/lastreet/admin/professionals?approvalStatus=rejected 200 2474ms
[2026-01-01T14:39:09.625Z] GET /api/v1/lastreet/admin/reports?status=open&limit=80 200 3291ms
[2026-01-01T14:39:10.514Z] GET /api/v1/lastreet/admin/users 200 4182ms
[2026-01-01T14:39:10.593Z] GET /api/v1/lastreet/admin/stats 200 4270ms
[2026-01-01T14:39:13.692Z] GET /api/v1/lastreet/admin/professionals?approvalStatus=pending 200 573ms
[2026-01-01T14:39:20.676Z] GET /api/v1/lastreet/admin/professionals/69568701570dd3cb804c576c 200 4029ms
[2026-01-01T14:39:36.665Z] PATCH /api/v1/lastreet/admin/professionals/69568701570dd3cb804c576c/status 200 482ms
[2026-01-01T14:39:37.057Z] GET /api/v1/lastreet/admin/stats 200 382ms
[2026-01-01T14:39:37.076Z] GET /api/v1/lastreet/admin/professionals?approvalStatus=pending 200 390ms
[2026-01-01T14:39:37.083Z] GET /api/v1/lastreet/admin/reports?status=open&limit=80 200 387ms
[2026-01-01T14:39:38.038Z] GET /api/v1/lastreet/admin/users 200 1347ms
[2026-01-01T14:39:45.922Z] DELETE /api/v1/lastreet/admin/users/695686ed570dd3cb804c5767 200 343ms
[2026-01-01T14:39:46.422Z] GET /api/v1/lastreet/admin/users 200 480ms
[2026-01-01T14:39:46.427Z] GET /api/v1/lastreet/admin/stats 200 495ms
[2026-01-01T14:39:46.431Z] GET /api/v1/lastreet/admin/reports?status=open&limit=80 200 486ms
[2026-01-01T14:39:46.528Z] GET /api/v1/lastreet/admin/professionals?approvalStatus=pending 200 591ms
[2026-01-01T14:39:48.257Z] GET /api/v1/lastreet/admin/professionals?approvalStatus=pending 200 336ms
[2026-01-01T14:39:48.277Z] GET /api/v1/lastreet/admin/stats 200 359ms
[2026-01-01T14:39:48.329Z] GET /api/v1/lastreet/admin/users 200 405ms
[2026-01-01T14:39:48.333Z] GET /api/v1/lastreet/admin/reports?status=open&limit=80 200 406ms
[2026-01-01T14:39:49.546Z] GET /api/v1/lastreet/admin/professionals?approvalStatus=pending 200 339ms
[2026-01-01T14:39:49.555Z] GET /api/v1/lastreet/admin/stats 200 351ms
[2026-01-01T14:39:49.571Z] GET /api/v1/lastreet/admin/reports?status=open&limit=80 200 357ms
[2026-01-01T14:39:49.580Z] GET /api/v1/lastreet/admin/users 200 370ms
[2026-01-01T14:39:54.948Z] GET /api/v1/lastreet/admin/professionals?approvalStatus=pending 200 288ms
[2026-01-01T14:39:54.979Z] GET /api/v1/lastreet/admin/users 200 324ms
[2026-01-01T14:39:54.985Z] GET /api/v1/lastreet/admin/reports?status=open&limit=80 200 316ms
[2026-01-01T14:39:54.989Z] GET /api/v1/lastreet/admin/stats 200 325ms
[2026-01-01T14:51:02.495Z] GET /api/v1/lastreet/admin/stats 200 2252ms
[2026-01-01T14:51:02.778Z] GET /api/v1/lastreet/admin/professionals?approvalStatus=pending 200 2487ms
[2026-01-01T14:51:03.047Z] GET /api/v1/lastreet/admin/users 200 2710ms
[2026-01-01T14:51:03.186Z] GET /api/v1/lastreet/admin/reports?status=open&limit=80 200 2832ms
[2026-01-01T14:54:19.223Z] GET /api/v1/lastreet/admin/reports?status=open&limit=80 200 2454ms
[2026-01-01T14:54:19.334Z] GET /api/v1/lastreet/admin/professionals?approvalStatus=pending 200 2577ms
[2026-01-01T14:54:19.427Z] GET /api/v1/lastreet/admin/users 200 2664ms
[2026-01-01T14:54:24.799Z] GET /api/v1/lastreet/admin/stats 200 8052ms
[2026-01-01T14:54:28.553Z] GET /api/v1/lastreet/admin/professionals/69568a8a570dd3cb804c578f 200 1236ms
[2026-01-01T14:54:32.795Z] PATCH /api/v1/lastreet/admin/professionals/69568a8a570dd3cb804c578f/status 200 307ms
[2026-01-01T14:54:33.221Z] GET /api/v1/lastreet/admin/stats 200 411ms
[2026-01-01T14:54:33.224Z] GET /api/v1/lastreet/admin/reports?status=open&limit=80 200 381ms
[2026-01-01T14:54:34.215Z] GET /api/v1/lastreet/admin/professionals?approvalStatus=pending 200 1389ms
[2026-01-01T14:54:34.317Z] GET /api/v1/lastreet/admin/users 200 1481ms
[2026-01-01T14:54:42.386Z] DELETE /api/v1/lastreet/admin/users/69568a71570dd3cb804c578a 200 706ms
[2026-01-01T14:54:43.171Z] GET /api/v1/lastreet/admin/professionals?approvalStatus=pending 200 769ms
[2026-01-01T14:54:43.194Z] GET /api/v1/lastreet/admin/reports?status=open&limit=80 200 782ms
[2026-01-01T14:54:43.177Z] GET /api/v1/lastreet/admin/users 200 770ms
[2026-01-01T14:54:43.183Z] GET /api/v1/lastreet/admin/stats 200 785ms
[2026-01-01T14:54:46.679Z] GET /api/v1/lastreet/admin/professionals?approvalStatus=pending 200 412ms
[2026-01-01T14:54:46.728Z] GET /api/v1/lastreet/admin/stats 200 466ms
[2026-01-01T14:54:46.735Z] GET /api/v1/lastreet/admin/users 200 465ms
[2026-01-01T14:54:46.798Z] GET /api/v1/lastreet/admin/reports?status=open&limit=80 200 526ms
[2026-01-01T14:54:49.564Z] GET /api/v1/lastreet/admin/stats 200 391ms
[2026-01-01T14:54:49.643Z] GET /api/v1/lastreet/admin/reports?status=open&limit=80 200 454ms
[2026-01-01T14:54:49.654Z] GET /api/v1/lastreet/admin/professionals?approvalStatus=pending 200 475ms
[2026-01-01T14:54:49.651Z] GET /api/v1/lastreet/admin/users 200 467ms
[2026-01-01T14:54:51.937Z] GET /api/v1/lastreet/admin/professionals?approvalStatus=pending 200 363ms
[2026-01-01T14:54:51.941Z] GET /api/v1/lastreet/admin/stats 200 369ms
[2026-01-01T14:54:51.935Z] GET /api/v1/lastreet/admin/reports?status=open&limit=80 200 355ms
[2026-01-01T14:54:51.948Z] GET /api/v1/lastreet/admin/users 200 370ms
[2026-01-01T14:55:11.870Z] GET /api/v1/lastreet/professionals?page=1&limit=100 200 583ms
[2026-01-01T14:55:26.666Z] GET /api/v1/lastreet/admin/professionals?approvalStatus=pending 200 342ms
[2026-01-01T14:55:26.675Z] GET /api/v1/lastreet/admin/stats 200 371ms
[2026-01-01T14:55:26.679Z] GET /api/v1/lastreet/admin/reports?status=open&limit=80 200 342ms
[2026-01-01T14:55:26.705Z] GET /api/v1/lastreet/admin/users 200 374ms
[2026-01-07T08:02:26.332Z] GET /api/v1/lastreet/admin/users?status=active&limit=100 200 1167ms
[2026-01-07T08:02:27.466Z] GET /api/v1/lastreet/admin/stats 200 2420ms
[2026-01-07T08:02:27.661Z] GET /api/v1/lastreet/admin/professionals?approvalStatus=pending 200 2523ms
[2026-01-07T08:02:28.195Z] GET /api/v1/lastreet/admin/reports?status=open&limit=80 200 3024ms
[2026-01-07T08:02:30.779Z] GET /api/v1/lastreet/admin/users?status=active&limit=200 200 543ms
[2026-01-07T08:05:01.151Z] GET /api/v1/lastreet/admin/users?status=active&limit=100 200 647ms
[2026-01-07T08:05:01.166Z] GET /api/v1/lastreet/admin/professionals?approvalStatus=pending 200 666ms
[2026-01-07T08:05:01.203Z] GET /api/v1/lastreet/admin/reports?status=open&limit=80 200 688ms
[2026-01-07T08:05:02.403Z] GET /api/v1/lastreet/admin/stats 200 1943ms
[2026-01-07T08:05:20.437Z] GET /api/v1/lastreet/admin/users?status=active&search=Server&limit=100 200 1410ms
[2026-01-07T08:05:24.432Z] GET /api/v1/lastreet/admin/users?status=inactive&search=Server&limit=100 200 595ms
[2026-01-07T08:05:28.977Z] GET /api/v1/lastreet/admin/users?status=deleted&search=Server&limit=100 200 417ms
[2026-01-07T08:05:35.822Z] GET /api/v1/lastreet/admin/users?status=active&search=Server&limit=100 200 2789ms
[2026-01-07T08:05:41.969Z] GET /api/v1/lastreet/admin/users?status=active&limit=200 200 688ms
[2026-01-07T08:05:56.907Z] Email envoyé à : mayalachristgottlieb@gmail.com
[2026-01-07T08:05:57.107Z] POST /api/v1/lastreet/admin/users/694d60a9a39e86326e407463/email 200 5715ms
[2026-01-07T08:07:26.984Z] GET /api/v1/lastreet/admin/professionals?approvalStatus=pending 200 570ms
[2026-01-07T08:07:27.198Z] GET /api/v1/lastreet/admin/reports?status=open&limit=80 200 763ms
[2026-01-07T08:07:27.276Z] GET /api/v1/lastreet/admin/users?status=active&limit=100 200 852ms
[2026-01-07T08:07:29.145Z] GET /api/v1/lastreet/admin/stats 200 2730ms
[2026-01-07T08:08:11.242Z] GET /api/v1/lastreet/admin/users?status=active&limit=200 200 483ms
[2026-01-07T08:08:30.181Z] Email envoyé à : mayalachristgottlieb@gmail.com
[2026-01-07T08:08:30.209Z] POST /api/v1/lastreet/admin/users/694d60a9a39e86326e407463/email 200 4954ms
[2026-01-07T08:09:18.357Z] Email envoyé à : mayalachristgottlieb@gmail.com
[2026-01-07T08:09:18.901Z] POST /api/v1/lastreet/admin/users/694d60a9a39e86326e407463/email 200 6628ms
[2026-01-07T08:14:04.861Z] GET /api/v1/lastreet/admin/reports?status=open&limit=80 200 1228ms
[2026-01-07T08:14:05.632Z] GET /api/v1/lastreet/admin/professionals?approvalStatus=pending 200 1955ms
[2026-01-07T08:14:06.282Z] GET /api/v1/lastreet/admin/stats 200 2713ms
[2026-01-07T08:14:06.736Z] GET /api/v1/lastreet/admin/users?status=active&limit=100 200 3083ms
[2026-01-07T08:14:31.127Z] GET /api/v1/lastreet/admin/users?status=active&limit=200 200 356ms
[2026-01-07T08:15:10.355Z] GET /api/v1/lastreet/admin/professionals?approvalStatus=pending 200 456ms
[2026-01-07T08:15:10.536Z] GET /api/v1/lastreet/admin/users?status=active&limit=100 200 627ms
[2026-01-07T08:15:10.572Z] GET /api/v1/lastreet/admin/reports?status=open&limit=80 200 649ms
[2026-01-07T08:15:11.900Z] GET /api/v1/lastreet/admin/stats 200 2015ms
[2026-01-07T08:15:14.873Z] GET /api/v1/lastreet/admin/users?status=active&limit=200 200 531ms
[2026-01-07T08:16:59.408Z] GET /api/v1/lastreet/admin/professionals?approvalStatus=pending 200 457ms
[2026-01-07T08:16:59.415Z] GET /api/v1/lastreet/admin/reports?status=open&limit=80 200 439ms
[2026-01-07T08:16:59.667Z] GET /api/v1/lastreet/admin/users?status=active&limit=100 200 710ms
[2026-01-07T08:17:01.488Z] GET /api/v1/lastreet/admin/stats 200 2542ms
[2026-01-07T08:17:25.458Z] GET /api/v1/lastreet/admin/users?status=active&limit=200 200 2048ms
[2026-01-07T08:39:48.731Z] GET /api/v1/lastreet/admin/users?status=active&limit=100 200 1779ms
[2026-01-07T08:39:49.403Z] GET /api/v1/lastreet/admin/professionals?approvalStatus=pending 200 2505ms
[2026-01-07T08:39:50.318Z] GET /api/v1/lastreet/admin/stats 200 3488ms
[2026-01-07T08:39:50.572Z] GET /api/v1/lastreet/admin/reports?status=open&limit=80 200 3583ms
[2026-01-07T08:39:53.509Z] GET /api/v1/lastreet/admin/users?status=active&limit=200 200 687ms
[2026-01-07T08:40:08.787Z] Email envoyé à : mayalachristgottlieb@gmail.com
[2026-01-07T08:40:08.899Z] POST /api/v1/lastreet/admin/users/694d60a9a39e86326e407463/email 200 4681ms
[2026-01-07T08:54:06.532Z] GET /api/v1/lastreet/admin/professionals?approvalStatus=pending 200 1438ms
[2026-01-07T08:54:06.731Z] GET /api/v1/lastreet/admin/reports?status=open&limit=80 200 1633ms
[2026-01-07T08:54:07.411Z] GET /api/v1/lastreet/admin/stats 200 2424ms
[2026-01-07T08:54:07.663Z] GET /api/v1/lastreet/admin/users?status=active&limit=100 200 2591ms
[2026-01-07T08:54:11.836Z] GET /api/v1/lastreet/admin/users?status=active&limit=200 200 527ms
[2026-01-07T08:54:27.684Z] Email envoyé à : mayalachristgottlieb@gmail.com
[2026-01-07T08:54:27.862Z] POST /api/v1/lastreet/admin/users/694d60a9a39e86326e407463/email 200 4819ms
[2026-01-07T08:55:58.708Z] GET /api/v1/lastreet/admin/users?status=active&limit=100 200 1546ms
[2026-01-07T08:55:59.398Z] GET /api/v1/lastreet/admin/professionals?approvalStatus=pending 200 2254ms
[2026-01-07T08:55:59.896Z] GET /api/v1/lastreet/admin/stats 200 2849ms
[2026-01-07T08:56:00.368Z] GET /api/v1/lastreet/admin/reports?status=open&limit=80 200 3178ms
[2026-01-07T08:56:02.258Z] GET /api/v1/lastreet/admin/users?status=active&limit=200 200 570ms
[2026-01-18T21:08:50.888Z] GET /api/v1/lastreet/professionals/recommendations?limit=6 200 30059ms
[2026-01-18T21:08:50.901Z] GET /api/v1/lastreet/professionals?page=1&limit=50 200 30033ms
[2026-01-18T21:09:31.524Z] GET /api/v1/lastreet/professionals/recommendations?limit=6 200 40614ms
[2026-01-18T21:09:35.015Z] GET /api/v1/lastreet/professionals?page=1&limit=50 200 44101ms
[2026-01-18T21:11:23.589Z] GET /api/health 200 12ms
[2026-01-18T21:11:24.091Z] GET /favicon.ico 200 2ms
[2026-01-18T21:11:35.431Z] GET /api/ 200 2ms
[2026-01-18T21:11:35.614Z] GET /favicon.ico 200 3ms
[2026-01-18T21:12:44.016Z] GET /api/health 200 4ms
[2026-01-18T21:12:44.195Z] GET /favicon.ico 200 7ms
[2026-01-18T21:14:12.819Z] GET /api/health 200 6ms
[2026-01-18T21:15:53.310Z] GET /api/health 200 1ms
[2026-01-18T21:16:16.872Z] GET /api/scmi 200 2ms
[2026-01-18T21:17:04.953Z] GET /api/v1/lastreet 200 1ms
[2026-01-18T21:19:04.272Z] GET /api/v1/lastreet/categories 200 627ms
[2026-01-18T21:19:15.468Z] GET /api/v1/lastreet/professionals/recommendations?limit=6 200 467ms
[2026-01-18T21:19:15.538Z] GET /api/v1/lastreet/professionals?page=1&limit=50 200 517ms
[2026-01-18T21:24:13.637Z] GET /api/v1/lastreet 200 22ms
[2026-01-18T21:25:06.643Z] GET /api/health 200 3ms
[2026-01-18T21:25:12.469Z] GET /api/ 200 3ms
[2026-01-18T21:25:14.752Z] GET / 200 1ms
[2026-01-18T21:25:29.302Z] GET /api/ 200 4ms
[2026-01-18T21:27:48.290Z] GET / 200 1ms
[2026-01-18T21:30:06.752Z] GET /api/v1/lastreet 200 13ms
[2026-01-18T21:30:30.762Z] GET /api/health 200 1ms
[2026-01-18T21:30:35.851Z] GET / 200 9ms
[2026-01-18T21:31:20.682Z] GET /api/v1/lastreet/professionals?page=1&limit=50 200 20488ms
[2026-01-18T21:31:31.977Z] GET /api/v1/lastreet/professionals/recommendations?limit=6 200 31786ms
[2026-01-18T21:33:07.950Z] POST /api/v1/lastreet/auth/login 200 5ms
[2026-01-18T21:35:56.999Z] GET / 200 9ms
[2026-01-18T21:36:01.313Z] GET /api/v1/lastreet 200 8ms
[2026-01-18T21:36:12.300Z] POST /api/v1/lastreet/auth/login 200 1650ms
[2026-01-18T21:36:13.165Z] GET /api/v1/lastreet/admin/stats 200 698ms
[2026-01-18T21:36:13.634Z] GET /api/v1/lastreet/admin/reports?status=open&limit=80 200 1128ms
[2026-01-18T21:36:13.787Z] GET /api/v1/lastreet/admin/users?status=active&limit=100 200 1297ms
[2026-01-18T21:36:14.292Z] GET /api/v1/lastreet/admin/professionals?approvalStatus=pending 200 1812ms
[2026-01-18T21:38:57.162Z] POST /api/v1/lastreet 200 3ms
[2026-01-18T21:39:14.000Z] HEAD /api/v1/lastreet 200 2ms
[2026-01-18T21:44:30.273Z] GET /api/v1/lastreet/admin/stats 200 30023ms
[2026-01-18T21:44:30.303Z] GET /api/v1/lastreet/admin/professionals?approvalStatus=pending 200 30025ms
[2026-01-18T21:44:30.306Z] GET /api/v1/lastreet/admin/users?status=active&limit=100 200 30016ms
[2026-01-18T21:44:30.308Z] GET /api/v1/lastreet/admin/reports?status=open&limit=80 200 30014ms
[2026-01-18T21:44:36.340Z] GET /api/v1/lastreet/professionals/recommendations?limit=6 200 30014ms
[2026-01-18T21:44:36.381Z] GET /api/v1/lastreet/professionals?page=1&limit=50 200 30022ms
[2026-01-18T21:47:29.816Z] GET /api/v1/lastreet/professionals?page=1&limit=100 200 3756ms
[2026-01-18T21:47:29.862Z] GET /api/v1/lastreet/professionals/recommendations?limit=6 200 3797ms
[2026-01-18T21:47:30.440Z] GET /api/v1/lastreet/professionals?page=1&limit=50 200 4371ms
[2026-01-18T21:47:30.804Z] GET /api/v1/lastreet/categories 200 2856ms
[2026-01-18T21:47:44.738Z] POST /api/v1/lastreet/auth/login 200 746ms
[2026-01-18T21:47:45.288Z] GET /api/v1/lastreet/professionals/recommendations?limit=6 200 435ms
[2026-01-18T21:47:45.408Z] GET /api/v1/lastreet/professionals?page=1&limit=50 200 553ms
[2026-01-18T21:47:56.139Z] GET /api/v1/lastreet/professionals/recommendations?limit=6 200 398ms
[2026-01-18T21:47:56.353Z] GET /api/v1/lastreet/professionals?page=1&limit=50 200 616ms
[2026-01-18T21:47:56.368Z] GET /api/v1/lastreet/professionals?page=1&limit=100 200 624ms
[2026-01-18T21:56:43.222Z] GET /api/v1/lastreet 200 3ms
[2026-01-18T21:56:51.893Z] POST /api/v1/lastreet 200 2ms
[2026-01-18T21:56:58.137Z] POST /api/v1 200 18ms
[2026-01-18T21:57:01.960Z] POST /api 200 2ms
[2026-01-18T21:57:08.027Z] GET /api 200 1ms
[2026-01-18T21:57:16.807Z] GET /api/ 200 2ms
[2026-01-18T22:17:37.713Z] GET /api/v1/lastreet/professionals?page=1&limit=50 200 2349ms
[2026-01-18T22:17:38.891Z] GET /api/v1/lastreet/professionals?page=1&limit=100 200 3310ms
[2026-01-18T22:17:39.179Z] GET /api/v1/lastreet/professionals/recommendations?limit=6 200 3585ms
[2026-01-18T22:17:49.780Z] GET /api/v1/lastreet/professionals?page=1&limit=50 200 1031ms
[2026-01-18T22:17:50.021Z] GET /api/v1/lastreet/professionals?page=1&limit=100 200 1243ms
[2026-01-18T22:17:50.737Z] GET /api/v1/lastreet/professionals/recommendations?limit=6 200 2096ms
[2026-01-18T22:18:27.231Z] GET /api/v1/lastreet/professionals/recommendations?limit=6 200 1976ms
[2026-01-18T22:18:27.573Z] GET /api/v1/lastreet/professionals?page=1&limit=100 200 2310ms
[2026-01-18T22:18:27.601Z] GET /api/v1/lastreet/professionals?page=1&limit=50 200 2341ms
[2026-01-18T22:18:57.605Z] POST /api/v1/lastreet/auth/login 200 1833ms
[2026-01-18T22:19:03.621Z] GET /api/v1/lastreet/professionals/recommendations?limit=6 200 5993ms
[2026-01-18T22:19:04.502Z] GET /api/v1/lastreet/professionals?page=1&limit=50 200 6862ms
