[2026-02-01T16:11:37.486Z] ⚠️ Email service non configuré - utilisation mode simulation
[2026-02-01T20:15:23.261Z] Tentative de génération multiple pour mayalachristgottlieb@gmail.com - code déjà existant
[2026-02-01T20:41:52.935Z] Tentative de génération multiple pour mayalachristgottlieb@gmail.com - code déjà existant
[2026-02-01T20:42:10.132Z] Tentative de génération multiple pour mayalachristgottlieb@gmail.com - code déjà existant
[2026-02-01T20:42:13.116Z] Tentative de génération multiple pour mayalachristgottlieb@gmail.com - code déjà existant
[01/02/2026 21:48:37] ⚠️ Code de reset déjà envoyé à mayalachristgottlieb@gmail.com - il reste 9 min
[04/02/2026 08:19:34] [WARN] Email service non configure - mode simulation
[04/02/2026 08:19:52] [WARN] Email service non configure - mode simulation
[04/02/2026 08:20:54] [WARN] Email service non configure - mode simulation
[04/02/2026 08:22:28] [WARN] Email service non configure - mode simulation
[04/02/2026 08:22:50] [WARN] Email service non configure - mode simulation
[04/02/2026 08:23:09] [WARN] Email service non configure - mode simulation
[04/02/2026 08:23:49] [WARN] Email service non configure - mode simulation
[04/02/2026 08:24:09] [WARN] Email service non configure - mode simulation
[04/02/2026 08:24:21] [WARN] Email service non configure - mode simulation
[04/02/2026 08:25:28] [WARN] Email service non configure - mode simulation
[04/02/2026 08:27:21] [WARN] Email service non configure - mode simulation
[04/02/2026 08:28:08] [WARN] Email service non configure - mode simulation
[04/02/2026 08:28:38] [WARN] Email service non configure - mode simulation
[04/02/2026 08:33:38] [WARN] Email service non configure - mode simulation
[04/02/2026 08:38:18] [WARN] Email service non configure - mode simulation
[04/02/2026 08:38:35] [WARN] Email service non configure - mode simulation
[04/02/2026 08:39:00] [WARN] Email service non configure - mode simulation
[04/02/2026 08:40:11] [WARN] Email service non configure - mode simulation
[04/02/2026 08:40:31] [WARN] Email service non configure - mode simulation
[04/02/2026 08:41:10] [WARN] Email service non configure - mode simulation
[04/02/2026 08:42:00] [WARN] Email service non configure - mode simulation
[04/02/2026 08:42:26] [WARN] Email service non configure - mode simulation
[04/02/2026 08:51:41] [WARN] Email service non configure - mode simulation
[04/02/2026 09:04:19] [WARN] [monitor] status=DEGRADED db=DOWN redis=UP
[04/02/2026 18:42:45] [WARN] [monitor] status=DEGRADED db=DOWN redis=UP
[04/02/2026 21:12:48] [WARN] [monitor] status=DEGRADED db=DOWN redis=UP
[04/02/2026 23:20:23] [WARN] [monitor] status=DEGRADED db=DOWN redis=UP
[05/02/2026 08:25:34] [WARN] [monitor] status=DEGRADED db=DOWN redis=UP
[05/02/2026 08:26:34] [WARN] [monitor] status=DEGRADED db=DOWN redis=UP
[05/02/2026 08:27:34] [WARN] [monitor] status=DEGRADED db=DOWN redis=UP
[05/02/2026 08:28:34] [WARN] [monitor] status=DEGRADED db=DOWN redis=UP
[05/02/2026 08:29:34] [WARN] [monitor] status=DEGRADED db=DOWN redis=UP
[05/02/2026 08:30:34] [WARN] [monitor] status=DEGRADED db=DOWN redis=UP
[05/02/2026 08:31:34] [WARN] [monitor] status=DEGRADED db=DOWN redis=UP
[05/02/2026 08:32:34] [WARN] [monitor] status=DEGRADED db=DOWN redis=UP
[05/02/2026 08:33:34] [WARN] [monitor] status=DEGRADED db=DOWN redis=UP
[05/02/2026 08:34:34] [WARN] [monitor] status=DEGRADED db=DOWN redis=UP
[05/02/2026 08:35:34] [WARN] [monitor] status=DEGRADED db=DOWN redis=UP
[05/02/2026 08:36:34] [WARN] [monitor] status=DEGRADED db=DOWN redis=UP
[05/02/2026 08:37:34] [WARN] [monitor] status=DEGRADED db=DOWN redis=UP
[05/02/2026 08:38:34] [WARN] [monitor] status=DEGRADED db=DOWN redis=UP
[05/02/2026 08:39:34] [WARN] [monitor] status=DEGRADED db=DOWN redis=UP
[05/02/2026 08:40:34] [WARN] [monitor] status=DEGRADED db=DOWN redis=UP
[05/02/2026 08:41:34] [WARN] [monitor] status=DEGRADED db=DOWN redis=UP
[05/02/2026 08:42:34] [WARN] [monitor] status=DEGRADED db=DOWN redis=UP
[05/02/2026 08:43:34] [WARN] [monitor] status=DEGRADED db=DOWN redis=UP
[05/02/2026 08:44:34] [WARN] [monitor] status=DEGRADED db=DOWN redis=UP
[05/02/2026 08:45:34] [WARN] [monitor] status=DEGRADED db=DOWN redis=UP
[05/02/2026 08:46:34] [WARN] [monitor] status=DEGRADED db=DOWN redis=UP
[05/02/2026 08:47:34] [WARN] [monitor] status=DEGRADED db=DOWN redis=UP
[05/02/2026 09:46:27] [WARN] [monitor] status=DEGRADED db=DOWN redis=UP
[06/02/2026 08:22:30] [WARN] [monitor] status=DEGRADED db=UP redis=DOWN
[06/02/2026 08:23:30] [WARN] [monitor] status=DEGRADED db=UP redis=DOWN
[06/02/2026 08:24:30] [WARN] [monitor] status=DEGRADED db=UP redis=DOWN
[06/02/2026 08:25:30] [WARN] [monitor] status=DEGRADED db=UP redis=DOWN
[06/02/2026 08:26:30] [WARN] [monitor] status=DEGRADED db=UP redis=DOWN
[06/02/2026 08:27:30] [WARN] [monitor] status=DEGRADED db=UP redis=DOWN
[06/02/2026 08:34:02] [WARN] [monitor] status=DEGRADED db=UP redis=DOWN
[06/02/2026 08:34:02] [WARN] [monitor] status=DEGRADED db=UP redis=DOWN
[06/02/2026 08:35:45] [WARN] [monitor] status=DEGRADED db=UP redis=DOWN
[06/02/2026 08:36:45] [WARN] [monitor] status=DEGRADED db=UP redis=DOWN
[06/02/2026 08:37:45] [WARN] [monitor] status=DEGRADED db=UP redis=DOWN
[06/02/2026 08:38:46] [WARN] [monitor] status=DEGRADED db=UP redis=DOWN
[06/02/2026 09:48:55] [WARN] [monitor] status=DEGRADED db=UP redis=DOWN
[06/02/2026 09:49:55] [WARN] [monitor] status=DEGRADED db=UP redis=DOWN
[06/02/2026 09:50:55] [WARN] [monitor] status=DEGRADED db=UP redis=DOWN
[06/02/2026 09:51:55] [WARN] [monitor] status=DEGRADED db=UP redis=DOWN
[06/02/2026 09:52:55] [WARN] [monitor] status=DEGRADED db=UP redis=DOWN
[06/02/2026 09:53:55] [WARN] [monitor] status=DEGRADED db=UP redis=DOWN
[06/02/2026 09:54:55] [WARN] [monitor] status=DEGRADED db=UP redis=DOWN
[06/02/2026 09:55:55] [WARN] [monitor] status=DEGRADED db=UP redis=DOWN
[06/02/2026 10:00:51] [WARN] [monitor] status=DEGRADED db=UP redis=DOWN
[06/02/2026 10:01:51] [WARN] [monitor] status=DEGRADED db=UP redis=DOWN
[06/02/2026 10:02:51] [WARN] [monitor] status=DEGRADED db=UP redis=DOWN
[06/02/2026 10:03:51] [WARN] [monitor] status=DEGRADED db=UP redis=DOWN
[06/02/2026 10:04:51] [WARN] [monitor] status=DEGRADED db=UP redis=DOWN
[06/02/2026 10:05:51] [WARN] [monitor] status=DEGRADED db=UP redis=DOWN
[06/02/2026 10:06:51] [WARN] [monitor] status=DEGRADED db=UP redis=DOWN
[06/02/2026 10:07:51] [WARN] [monitor] status=DEGRADED db=UP redis=DOWN
[06/02/2026 10:08:51] [WARN] [monitor] status=DEGRADED db=UP redis=DOWN
[06/02/2026 10:09:51] [WARN] [monitor] status=DEGRADED db=UP redis=DOWN
[06/02/2026 10:10:51] [WARN] [monitor] status=DEGRADED db=UP redis=DOWN
[06/02/2026 10:11:51] [WARN] [monitor] status=DEGRADED db=UP redis=DOWN
[06/02/2026 10:12:51] [WARN] [monitor] status=DEGRADED db=UP redis=DOWN
[06/02/2026 10:13:51] [WARN] [monitor] status=DEGRADED db=UP redis=DOWN
[06/02/2026 10:14:51] [WARN] [monitor] status=DEGRADED db=UP redis=DOWN
[06/02/2026 10:15:51] [WARN] [monitor] status=DEGRADED db=UP redis=DOWN
[06/02/2026 10:16:51] [WARN] [monitor] status=DEGRADED db=UP redis=DOWN
[06/02/2026 10:17:51] [WARN] [monitor] status=DEGRADED db=UP redis=DOWN
[06/02/2026 23:00:43] [WARN] [monitor] status=DEGRADED db=DOWN redis=DOWN
[07/02/2026 05:56:08] [WARN] [monitor] status=DEGRADED db=DOWN redis=DOWN
[07/02/2026 06:50:09] [WARN] [monitor] status=DEGRADED db=DOWN redis=DOWN
[07/02/2026 08:15:09] [WARN] [monitor] status=DEGRADED db=DOWN redis=DOWN
[07/02/2026 12:23:48] [WARN] [monitor] status=DEGRADED db=DOWN redis=DOWN
[07/02/2026 13:05:38] [WARN] [monitor] status=DEGRADED db=DOWN redis=DOWN
[07/02/2026 13:15:38] [WARN] [monitor] status=DEGRADED db=DOWN redis=DOWN
[07/02/2026 14:41:22] [WARN] [monitor] status=DEGRADED db=DOWN redis=DOWN
[07/02/2026 19:23:28] [WARN] [monitor] status=DEGRADED db=DOWN redis=DOWN
[07/02/2026 19:26:28] [WARN] [monitor] status=DEGRADED db=DOWN redis=DOWN
[07/02/2026 19:57:07] [WARN] [monitor] status=DEGRADED db=DOWN redis=DOWN
[07/02/2026 20:08:07] [WARN] [monitor] status=DEGRADED db=DOWN redis=DOWN
[08/02/2026 20:09:31] [WARN] [monitor] status=DEGRADED db=DOWN redis=DOWN
[08/02/2026 20:16:31] [WARN] [monitor] status=DEGRADED db=DOWN redis=DOWN
[08/02/2026 20:27:31] [WARN] [monitor] status=DEGRADED db=DOWN redis=DOWN
[08/02/2026 20:32:31] [WARN] [monitor] status=DEGRADED db=DOWN redis=DOWN
[08/02/2026 20:52:44] [WARN] [monitor] status=DEGRADED db=DOWN redis=DOWN
[09/02/2026 01:12:02] [WARN] [monitor] status=DEGRADED db=DOWN redis=DOWN
[10/02/2026 19:33:37] [WARN] [monitor] status=DEGRADED db=DOWN redis=DOWN
[10/02/2026 20:16:26] [WARN] [monitor] status=DEGRADED db=DOWN redis=DOWN
[10/02/2026 20:21:26] [WARN] [monitor] status=DEGRADED db=DOWN redis=DOWN
[11/02/2026 09:30:32] [WARN] [monitor] status=DEGRADED db=DOWN redis=DOWN
[11/02/2026 10:26:17] [WARN] [monitor] status=DEGRADED db=DOWN redis=DOWN
[12/02/2026 01:00:39] [WARN] [monitor] status=DEGRADED db=DOWN redis=DOWN
[16/02/2026 01:00:22] [WARN] [monitor] status=DEGRADED db=DOWN redis=DOWN
[16/02/2026 01:22:37] [WARN] [monitor] status=DEGRADED db=DOWN redis=DOWN
[16/02/2026 01:37:37] [WARN] [monitor] status=DEGRADED db=DOWN redis=DOWN
[16/02/2026 01:41:37] [WARN] [monitor] status=DEGRADED db=DOWN redis=DOWN
[16/02/2026 04:47:09] [WARN] [monitor] status=DEGRADED db=DOWN redis=DOWN
[17/02/2026 05:43:30] [WARN] [monitor] status=DEGRADED db=DOWN redis=DOWN
[17/02/2026 05:59:45] [WARN] [monitor] status=DEGRADED db=DOWN redis=DOWN
[17/02/2026 06:03:45] [WARN] [monitor] status=DEGRADED db=DOWN redis=DOWN
[17/02/2026 06:25:28] [WARN] [monitor] status=DEGRADED db=DOWN redis=DOWN
[17/02/2026 08:07:37] [WARN] [monitor] status=DEGRADED db=DOWN redis=DOWN
[17/02/2026 08:54:37] [WARN] [monitor] status=DEGRADED db=DOWN redis=DOWN
[17/02/2026 09:19:37] [WARN] [monitor] status=DEGRADED db=DOWN redis=DOWN
[17/02/2026 10:05:38] [WARN] [monitor] status=DEGRADED db=DOWN redis=DOWN
[17/02/2026 11:07:39] [WARN] [monitor] status=DEGRADED db=DOWN redis=DOWN
[18/02/2026 20:20:18] [WARN] [monitor] status=DEGRADED db=DOWN redis=DOWN
[22/02/2026 21:47:05] [WARN] [monitor] status=DEGRADED db=DOWN redis=DOWN
[22/02/2026 22:48:28] [WARN] [monitor] status=DEGRADED db=DOWN redis=DOWN
[22/02/2026 22:54:28] [WARN] [monitor] status=DEGRADED db=DOWN redis=DOWN
[22/02/2026 23:31:52] [WARN] [monitor] status=DEGRADED db=DOWN redis=DOWN
[22/02/2026 23:34:52] [WARN] [monitor] status=DEGRADED db=DOWN redis=DOWN
[22/02/2026 23:37:52] [WARN] [monitor] status=DEGRADED db=DOWN redis=DOWN
[22/02/2026 23:41:52] [WARN] [monitor] status=DEGRADED db=DOWN redis=DOWN
[22/02/2026 23:50:52] [WARN] [monitor] status=DEGRADED db=DOWN redis=DOWN
[22/02/2026 23:54:53] [WARN] [monitor] status=DEGRADED db=DOWN redis=DOWN
[23/02/2026 04:03:10] [WARN] [monitor] status=DEGRADED db=DOWN redis=DOWN
[23/02/2026 07:54:57] [WARN] [monitor] status=DEGRADED db=DOWN redis=DOWN
[24/02/2026 03:57:00] [WARN] Reservation notification non envoyee (RSV-20260222-E3BE1)
[24/02/2026 04:16:57] [WARN] Reservation notification non envoyee (RSV-20260224-64372)
[01/03/2026 00:48:57] [WARN] JWT_SECRET manquant ou trop faible (>= 32 caracteres recommande).
